<?xml version="1.0" encoding="UTF-8"?>
<robot generator="Robot 4.1.3 (Python 3.8.10 on linux)" generated="20220321 11:56:58.334" rpa="false" schemaversion="2">
<suite id="s1" name="Cadastro" source="/home/ingrid/robot/bodytest/cadastro.robot">
<kw name="Inicio de Sesión" library="base" type="SETUP">
<kw name="New Browser" library="Browser">
<arg>chromium</arg>
<arg>false</arg>
<tag>BrowserControl</tag>
<tag>Setter</tag>
<doc>Create a new playwright Browser with specified options.</doc>
<msg timestamp="20220321 11:57:00.268" level="INFO">{"browser": "chromium", "headless": false, "handleSIGINT": true, "handleSIGTERM": true, "handleSIGHUP": true, "timeout": 30000.0, "devtools": false, "slowMo": 0.0, "tracesDir": "/home/ingrid/robot/bodytest/logs/browser/traces/dd279f98-2b40-4898-9960-c38a6b3f16c7"}</msg>
<msg timestamp="20220321 11:57:01.968" level="INFO">Successfully created browser with options: {"browser":"chromium","headless":false,"handleSIGINT":true,"handleSIGTERM":true,"handleSIGHUP":true,"timeout":30000,"devtools":false,"slowMo":0,"tracesDir":"/home/ingrid/robot/bodytest/logs/browser/traces/dd279f98-2b40-4898-9960-c38a6b3f16c7"}</msg>
<status status="PASS" starttime="20220321 11:57:00.266" endtime="20220321 11:57:01.969"/>
</kw>
<kw name="New Page" library="Browser">
<arg>about:blank</arg>
<tag>BrowserControl</tag>
<tag>Setter</tag>
<doc>Open a new Page.</doc>
<msg timestamp="20220321 11:57:04.055" level="INFO">Successfully initialized new page object and opened url: about:blank</msg>
<msg timestamp="20220321 11:57:04.055" level="INFO">No context was open. New context was automatically opened when this page is created.</msg>
<status status="PASS" starttime="20220321 11:57:01.970" endtime="20220321 11:57:04.056"/>
</kw>
<status status="PASS" starttime="20220321 11:57:00.265" endtime="20220321 11:57:04.058"/>
</kw>
<test id="s1-t1" name="Cenário: Cadastrar novo aluno com sucesso">
<kw name="cad.Go To Page" library="cad">
<kw name="Go To" library="Browser">
<arg>https://bodytest-web-drakke.herokuapp.com/</arg>
<tag>BrowserControl</tag>
<tag>Setter</tag>
<doc>Navigates to the given ``url``.</doc>
<msg timestamp="20220321 11:57:09.770" level="INFO">Successfully opened URL https://bodytest-web-drakke.herokuapp.com/</msg>
<status status="PASS" starttime="20220321 11:57:04.116" endtime="20220321 11:57:09.771"/>
</kw>
<status status="PASS" starttime="20220321 11:57:04.113" endtime="20220321 11:57:09.774"/>
</kw>
<kw name="cad.Acceso" library="cad">
<arg>admin@bodytest.com</arg>
<arg>pwd123</arg>
<kw name="Fill Text" library="Browser">
<arg>css=#email</arg>
<arg>${email}</arg>
<tag>PageContent</tag>
<tag>Setter</tag>
<doc>Clears and fills the given ``txt`` into the text field found by ``selector``.</doc>
<msg timestamp="20220321 11:57:09.784" level="INFO">Fills the text 'admin@bodytest.com' in the given field.</msg>
<status status="PASS" starttime="20220321 11:57:09.780" endtime="20220321 11:57:10.082"/>
</kw>
<kw name="Fill Text" library="Browser">
<arg>css=#password</arg>
<arg>${pass}</arg>
<tag>PageContent</tag>
<tag>Setter</tag>
<doc>Clears and fills the given ``txt`` into the text field found by ``selector``.</doc>
<msg timestamp="20220321 11:57:10.083" level="INFO">Fills the text 'pwd123' in the given field.</msg>
<status status="PASS" starttime="20220321 11:57:10.082" endtime="20220321 11:57:10.213"/>
</kw>
<kw name="Click" library="Browser">
<arg>css=button &gt;&gt; text=Entrar</arg>
<tag>PageContent</tag>
<tag>Setter</tag>
<doc>Simulates mouse click on the element found by ``selector``.</doc>
<status status="PASS" starttime="20220321 11:57:10.213" endtime="20220321 11:57:10.413"/>
</kw>
<status status="PASS" starttime="20220321 11:57:09.774" endtime="20220321 11:57:10.414"/>
</kw>
<kw name="Click navbar" library="cad">
<arg>/alunos</arg>
<kw name="Click" library="Browser">
<arg>xpath=//a[@href="${al_pl_ma}"]</arg>
<tag>PageContent</tag>
<tag>Setter</tag>
<doc>Simulates mouse click on the element found by ``selector``.</doc>
<status status="PASS" starttime="20220321 11:57:10.425" endtime="20220321 11:57:11.774"/>
</kw>
<status status="PASS" starttime="20220321 11:57:10.414" endtime="20220321 11:57:11.774"/>
</kw>
<kw name="Click navbar" library="cad">
<arg>/alunos/new</arg>
<kw name="Click" library="Browser">
<arg>xpath=//a[@href="${al_pl_ma}"]</arg>
<tag>PageContent</tag>
<tag>Setter</tag>
<doc>Simulates mouse click on the element found by ``selector``.</doc>
<status status="PASS" starttime="20220321 11:57:11.778" endtime="20220321 11:57:12.182"/>
</kw>
<status status="PASS" starttime="20220321 11:57:11.775" endtime="20220321 11:57:12.182"/>
</kw>
<kw name="Fill Cadastro" library="cad">
<arg>Test</arg>
<arg>test@gmail.com</arg>
<arg>56</arg>
<arg>77</arg>
<arg>1.73</arg>
<kw name="Fill Text" library="Browser">
<arg>css=input[placeholder="Digite seu nome completo"]</arg>
<arg>${name}</arg>
<tag>PageContent</tag>
<tag>Setter</tag>
<doc>Clears and fills the given ``txt`` into the text field found by ``selector``.</doc>
<msg timestamp="20220321 11:57:12.186" level="INFO">Fills the text 'Test' in the given field.</msg>
<status status="PASS" starttime="20220321 11:57:12.184" endtime="20220321 11:57:12.328"/>
</kw>
<kw name="Fill Text" library="Browser">
<arg>css=input[placeholder="Digite seu endereço de e-Mail"]</arg>
<arg>${email}</arg>
<tag>PageContent</tag>
<tag>Setter</tag>
<doc>Clears and fills the given ``txt`` into the text field found by ``selector``.</doc>
<msg timestamp="20220321 11:57:12.330" level="INFO">Fills the text 'test@gmail.com' in the given field.</msg>
<status status="PASS" starttime="20220321 11:57:12.329" endtime="20220321 11:57:12.429"/>
</kw>
<kw name="Fill Text" library="Browser">
<arg>css=input[placeholder="Sua Idade"]</arg>
<arg>${age}</arg>
<tag>PageContent</tag>
<tag>Setter</tag>
<doc>Clears and fills the given ``txt`` into the text field found by ``selector``.</doc>
<msg timestamp="20220321 11:57:12.430" level="INFO">Fills the text '56' in the given field.</msg>
<status status="PASS" starttime="20220321 11:57:12.429" endtime="20220321 11:57:12.547"/>
</kw>
<kw name="Fill Text" library="Browser">
<arg>css=input[placeholder="Seu Peso"]</arg>
<arg>${weight}</arg>
<tag>PageContent</tag>
<tag>Setter</tag>
<doc>Clears and fills the given ``txt`` into the text field found by ``selector``.</doc>
<msg timestamp="20220321 11:57:12.550" level="INFO">Fills the text '77' in the given field.</msg>
<status status="PASS" starttime="20220321 11:57:12.548" endtime="20220321 11:57:12.666"/>
</kw>
<kw name="Fill Text" library="Browser">
<arg>css=input[placeholder="Sua Altura"]</arg>
<arg>${feet_tall}</arg>
<tag>PageContent</tag>
<tag>Setter</tag>
<doc>Clears and fills the given ``txt`` into the text field found by ``selector``.</doc>
<msg timestamp="20220321 11:57:12.668" level="INFO">Fills the text '1.73' in the given field.</msg>
<status status="PASS" starttime="20220321 11:57:12.667" endtime="20220321 11:57:12.768"/>
</kw>
<status status="PASS" starttime="20220321 11:57:12.183" endtime="20220321 11:57:12.768"/>
</kw>
<kw name="Click Save" library="cad">
<kw name="Click" library="Browser">
<arg>xpath=//button[text()="Salvar"]</arg>
<tag>PageContent</tag>
<tag>Setter</tag>
<doc>Simulates mouse click on the element found by ``selector``.</doc>
<status status="PASS" starttime="20220321 11:57:12.770" endtime="20220321 11:57:12.912"/>
</kw>
<status status="PASS" starttime="20220321 11:57:12.769" endtime="20220321 11:57:12.912"/>
</kw>
<kw name="cad.Wait For Toast" library="cad">
<arg>Aluno cadastrado com sucesso.</arg>
<kw name="Wait For Elements State" library="Browser">
<arg>css=.Toastify__toast-body &gt;&gt; text=${txt_esperado}</arg>
<arg>visible</arg>
<arg>3</arg>
<tag>PageContent</tag>
<tag>Wait</tag>
<doc>Waits for the element found by ``selector`` to satisfy state option.</doc>
<msg timestamp="20220321 11:57:13.647" level="INFO">Waited for Element with selector css=.Toastify__toast-body &gt;&gt; text=Aluno cadastrado com sucesso. at state visible</msg>
<status status="PASS" starttime="20220321 11:57:12.914" endtime="20220321 11:57:13.647"/>
</kw>
<status status="PASS" starttime="20220321 11:57:12.913" endtime="20220321 11:57:13.648"/>
</kw>
<kw name="Clear Storage" library="cad" type="TEARDOWN">
<kw name="LocalStorage Clear" library="Browser">
<tag>PageContent</tag>
<tag>Setter</tag>
<doc>Remove all saved data from the local storage.</doc>
<msg timestamp="20220321 11:57:13.702" level="INFO"/>
<status status="PASS" starttime="20220321 11:57:13.650" endtime="20220321 11:57:13.702"/>
</kw>
<kw name="Take Screenshot" library="Browser">
<tag>PageContent</tag>
<doc>Takes a screenshot of the current window or element and saves it to disk.</doc>
<msg timestamp="20220321 11:57:14.283" level="INFO" html="true">&lt;/td&gt;&lt;/tr&gt;&lt;tr&gt;&lt;td colspan="3"&gt;&lt;a href="browser/screenshot/robotframework-browser-screenshot-1.png"&gt;&lt;img src="browser/screenshot/robotframework-browser-screenshot-1.png" width="800px"&gt;&lt;/a&gt;</msg>
<status status="PASS" starttime="20220321 11:57:13.703" endtime="20220321 11:57:14.283"/>
</kw>
<status status="PASS" starttime="20220321 11:57:13.649" endtime="20220321 11:57:14.284"/>
</kw>
<status status="PASS" starttime="20220321 11:57:04.059" endtime="20220321 11:57:14.284"/>
</test>
<test id="s1-t2" name="Cenário: Enviar formulário vazio">
<kw name="cad.Go To Page" library="cad">
<kw name="Go To" library="Browser">
<arg>https://bodytest-web-drakke.herokuapp.com/</arg>
<tag>BrowserControl</tag>
<tag>Setter</tag>
<doc>Navigates to the given ``url``.</doc>
<msg timestamp="20220321 11:57:15.599" level="INFO">Successfully opened URL https://bodytest-web-drakke.herokuapp.com/</msg>
<status status="PASS" starttime="20220321 11:57:14.442" endtime="20220321 11:57:15.599"/>
</kw>
<status status="PASS" starttime="20220321 11:57:14.441" endtime="20220321 11:57:15.600"/>
</kw>
<kw name="cad.Acceso" library="cad">
<arg>admin@bodytest.com</arg>
<arg>pwd123</arg>
<kw name="Fill Text" library="Browser">
<arg>css=#email</arg>
<arg>${email}</arg>
<tag>PageContent</tag>
<tag>Setter</tag>
<doc>Clears and fills the given ``txt`` into the text field found by ``selector``.</doc>
<msg timestamp="20220321 11:57:15.609" level="INFO">Fills the text 'admin@bodytest.com' in the given field.</msg>
<status status="PASS" starttime="20220321 11:57:15.604" endtime="20220321 11:57:15.811"/>
</kw>
<kw name="Fill Text" library="Browser">
<arg>css=#password</arg>
<arg>${pass}</arg>
<tag>PageContent</tag>
<tag>Setter</tag>
<doc>Clears and fills the given ``txt`` into the text field found by ``selector``.</doc>
<msg timestamp="20220321 11:57:15.813" level="INFO">Fills the text 'pwd123' in the given field.</msg>
<status status="PASS" starttime="20220321 11:57:15.812" endtime="20220321 11:57:15.921"/>
</kw>
<kw name="Click" library="Browser">
<arg>css=button &gt;&gt; text=Entrar</arg>
<tag>PageContent</tag>
<tag>Setter</tag>
<doc>Simulates mouse click on the element found by ``selector``.</doc>
<status status="PASS" starttime="20220321 11:57:15.922" endtime="20220321 11:57:16.158"/>
</kw>
<status status="PASS" starttime="20220321 11:57:15.603" endtime="20220321 11:57:16.159"/>
</kw>
<kw name="Click navbar" library="cad">
<arg>/alunos</arg>
<kw name="Click" library="Browser">
<arg>xpath=//a[@href="${al_pl_ma}"]</arg>
<tag>PageContent</tag>
<tag>Setter</tag>
<doc>Simulates mouse click on the element found by ``selector``.</doc>
<status status="PASS" starttime="20220321 11:57:16.161" endtime="20220321 11:57:16.897"/>
</kw>
<status status="PASS" starttime="20220321 11:57:16.159" endtime="20220321 11:57:16.898"/>
</kw>
<kw name="Click navbar" library="cad">
<arg>/alunos/new</arg>
<kw name="Click" library="Browser">
<arg>xpath=//a[@href="${al_pl_ma}"]</arg>
<tag>PageContent</tag>
<tag>Setter</tag>
<doc>Simulates mouse click on the element found by ``selector``.</doc>
<status status="PASS" starttime="20220321 11:57:16.900" endtime="20220321 11:57:17.934"/>
</kw>
<status status="PASS" starttime="20220321 11:57:16.899" endtime="20220321 11:57:17.934"/>
</kw>
<kw name="Fill Cadastro" library="cad">
<arg>${EMPTY}</arg>
<arg>${EMPTY}</arg>
<arg>${EMPTY}</arg>
<arg>${EMPTY}</arg>
<arg>${EMPTY}</arg>
<kw name="Fill Text" library="Browser">
<arg>css=input[placeholder="Digite seu nome completo"]</arg>
<arg>${name}</arg>
<tag>PageContent</tag>
<tag>Setter</tag>
<doc>Clears and fills the given ``txt`` into the text field found by ``selector``.</doc>
<msg timestamp="20220321 11:57:17.958" level="INFO">Fills the text '' in the given field.</msg>
<status status="PASS" starttime="20220321 11:57:17.956" endtime="20220321 11:57:18.103"/>
</kw>
<kw name="Fill Text" library="Browser">
<arg>css=input[placeholder="Digite seu endereço de e-Mail"]</arg>
<arg>${email}</arg>
<tag>PageContent</tag>
<tag>Setter</tag>
<doc>Clears and fills the given ``txt`` into the text field found by ``selector``.</doc>
<msg timestamp="20220321 11:57:18.105" level="INFO">Fills the text '' in the given field.</msg>
<status status="PASS" starttime="20220321 11:57:18.103" endtime="20220321 11:57:18.226"/>
</kw>
<kw name="Fill Text" library="Browser">
<arg>css=input[placeholder="Sua Idade"]</arg>
<arg>${age}</arg>
<tag>PageContent</tag>
<tag>Setter</tag>
<doc>Clears and fills the given ``txt`` into the text field found by ``selector``.</doc>
<msg timestamp="20220321 11:57:18.230" level="INFO">Fills the text '' in the given field.</msg>
<status status="PASS" starttime="20220321 11:57:18.229" endtime="20220321 11:57:18.377"/>
</kw>
<kw name="Fill Text" library="Browser">
<arg>css=input[placeholder="Seu Peso"]</arg>
<arg>${weight}</arg>
<tag>PageContent</tag>
<tag>Setter</tag>
<doc>Clears and fills the given ``txt`` into the text field found by ``selector``.</doc>
<msg timestamp="20220321 11:57:18.380" level="INFO">Fills the text '' in the given field.</msg>
<status status="PASS" starttime="20220321 11:57:18.378" endtime="20220321 11:57:18.516"/>
</kw>
<kw name="Fill Text" library="Browser">
<arg>css=input[placeholder="Sua Altura"]</arg>
<arg>${feet_tall}</arg>
<tag>PageContent</tag>
<tag>Setter</tag>
<doc>Clears and fills the given ``txt`` into the text field found by ``selector``.</doc>
<msg timestamp="20220321 11:57:18.518" level="INFO">Fills the text '' in the given field.</msg>
<status status="PASS" starttime="20220321 11:57:18.517" endtime="20220321 11:57:18.603"/>
</kw>
<status status="PASS" starttime="20220321 11:57:17.936" endtime="20220321 11:57:18.604"/>
</kw>
<kw name="Click Save" library="cad">
<kw name="Click" library="Browser">
<arg>xpath=//button[text()="Salvar"]</arg>
<tag>PageContent</tag>
<tag>Setter</tag>
<doc>Simulates mouse click on the element found by ``selector``.</doc>
<status status="PASS" starttime="20220321 11:57:18.613" endtime="20220321 11:57:18.742"/>
</kw>
<status status="PASS" starttime="20220321 11:57:18.606" endtime="20220321 11:57:18.742"/>
</kw>
<kw name="Span Campos Obrigatório" library="cad">
<arg>Nome é obrigatório</arg>
<arg>O e-mail é obrigatório</arg>
<arg>idade é obrigatória</arg>
<arg>o peso é obrigatório</arg>
<arg>a Altura é obrigatória</arg>
<kw name="Get Text" library="Browser">
<arg>css=span &gt;&gt; text=${span_name}</arg>
<tag>Assertion</tag>
<tag>Getter</tag>
<tag>PageContent</tag>
<doc>Returns text attribute of the element found by ``selector``.</doc>
<status status="PASS" starttime="20220321 11:57:18.744" endtime="20220321 11:57:18.953"/>
</kw>
<kw name="Get Text" library="Browser">
<arg>css=span &gt;&gt; text=${span_email}</arg>
<tag>Assertion</tag>
<tag>Getter</tag>
<tag>PageContent</tag>
<doc>Returns text attribute of the element found by ``selector``.</doc>
<status status="PASS" starttime="20220321 11:57:18.953" endtime="20220321 11:57:19.035"/>
</kw>
<kw name="Get Text" library="Browser">
<arg>css=span &gt;&gt; text=${span_age}</arg>
<tag>Assertion</tag>
<tag>Getter</tag>
<tag>PageContent</tag>
<doc>Returns text attribute of the element found by ``selector``.</doc>
<status status="PASS" starttime="20220321 11:57:19.035" endtime="20220321 11:57:19.090"/>
</kw>
<kw name="Get Text" library="Browser">
<arg>css=span &gt;&gt; text=${span_weight}</arg>
<tag>Assertion</tag>
<tag>Getter</tag>
<tag>PageContent</tag>
<doc>Returns text attribute of the element found by ``selector``.</doc>
<status status="PASS" starttime="20220321 11:57:19.091" endtime="20220321 11:57:19.138"/>
</kw>
<kw name="Get Text" library="Browser">
<arg>css=span &gt;&gt; text=${span_ft}</arg>
<tag>Assertion</tag>
<tag>Getter</tag>
<tag>PageContent</tag>
<doc>Returns text attribute of the element found by ``selector``.</doc>
<status status="PASS" starttime="20220321 11:57:19.139" endtime="20220321 11:57:19.183"/>
</kw>
<status status="PASS" starttime="20220321 11:57:18.743" endtime="20220321 11:57:19.183"/>
</kw>
<kw name="Clear Storage" library="cad" type="TEARDOWN">
<kw name="LocalStorage Clear" library="Browser">
<tag>PageContent</tag>
<tag>Setter</tag>
<doc>Remove all saved data from the local storage.</doc>
<msg timestamp="20220321 11:57:19.201" level="INFO"/>
<status status="PASS" starttime="20220321 11:57:19.185" endtime="20220321 11:57:19.202"/>
</kw>
<kw name="Take Screenshot" library="Browser">
<tag>PageContent</tag>
<doc>Takes a screenshot of the current window or element and saves it to disk.</doc>
<msg timestamp="20220321 11:57:19.557" level="INFO" html="true">&lt;/td&gt;&lt;/tr&gt;&lt;tr&gt;&lt;td colspan="3"&gt;&lt;a href="browser/screenshot/robotframework-browser-screenshot-2.png"&gt;&lt;img src="browser/screenshot/robotframework-browser-screenshot-2.png" width="800px"&gt;&lt;/a&gt;</msg>
<status status="PASS" starttime="20220321 11:57:19.202" endtime="20220321 11:57:19.557"/>
</kw>
<status status="PASS" starttime="20220321 11:57:19.184" endtime="20220321 11:57:19.557"/>
</kw>
<status status="PASS" starttime="20220321 11:57:14.421" endtime="20220321 11:57:19.559"/>
</test>
<test id="s1-t3" name="Cenário: Tentar cadastrar novo aluno &quot;sem nome&quot;">
<kw name="cad.Go To Page" library="cad">
<kw name="Go To" library="Browser">
<arg>https://bodytest-web-drakke.herokuapp.com/</arg>
<tag>BrowserControl</tag>
<tag>Setter</tag>
<doc>Navigates to the given ``url``.</doc>
<msg timestamp="20220321 11:57:20.603" level="INFO">Successfully opened URL https://bodytest-web-drakke.herokuapp.com/</msg>
<status status="PASS" starttime="20220321 11:57:19.624" endtime="20220321 11:57:20.604"/>
</kw>
<status status="PASS" starttime="20220321 11:57:19.623" endtime="20220321 11:57:20.604"/>
</kw>
<kw name="cad.Acceso" library="cad">
<arg>admin@bodytest.com</arg>
<arg>pwd123</arg>
<kw name="Fill Text" library="Browser">
<arg>css=#email</arg>
<arg>${email}</arg>
<tag>PageContent</tag>
<tag>Setter</tag>
<doc>Clears and fills the given ``txt`` into the text field found by ``selector``.</doc>
<msg timestamp="20220321 11:57:20.608" level="INFO">Fills the text 'admin@bodytest.com' in the given field.</msg>
<status status="PASS" starttime="20220321 11:57:20.606" endtime="20220321 11:57:20.795"/>
</kw>
<kw name="Fill Text" library="Browser">
<arg>css=#password</arg>
<arg>${pass}</arg>
<tag>PageContent</tag>
<tag>Setter</tag>
<doc>Clears and fills the given ``txt`` into the text field found by ``selector``.</doc>
<msg timestamp="20220321 11:57:20.797" level="INFO">Fills the text 'pwd123' in the given field.</msg>
<status status="PASS" starttime="20220321 11:57:20.796" endtime="20220321 11:57:20.880"/>
</kw>
<kw name="Click" library="Browser">
<arg>css=button &gt;&gt; text=Entrar</arg>
<tag>PageContent</tag>
<tag>Setter</tag>
<doc>Simulates mouse click on the element found by ``selector``.</doc>
<status status="PASS" starttime="20220321 11:57:20.881" endtime="20220321 11:57:21.019"/>
</kw>
<status status="PASS" starttime="20220321 11:57:20.605" endtime="20220321 11:57:21.019"/>
</kw>
<kw name="Click navbar" library="cad">
<arg>/alunos</arg>
<kw name="Click" library="Browser">
<arg>xpath=//a[@href="${al_pl_ma}"]</arg>
<tag>PageContent</tag>
<tag>Setter</tag>
<doc>Simulates mouse click on the element found by ``selector``.</doc>
<status status="PASS" starttime="20220321 11:57:21.021" endtime="20220321 11:57:21.980"/>
</kw>
<status status="PASS" starttime="20220321 11:57:21.020" endtime="20220321 11:57:21.980"/>
</kw>
<kw name="Click navbar" library="cad">
<arg>/alunos/new</arg>
<kw name="Click" library="Browser">
<arg>xpath=//a[@href="${al_pl_ma}"]</arg>
<tag>PageContent</tag>
<tag>Setter</tag>
<doc>Simulates mouse click on the element found by ``selector``.</doc>
<status status="PASS" starttime="20220321 11:57:21.987" endtime="20220321 11:57:22.387"/>
</kw>
<status status="PASS" starttime="20220321 11:57:21.984" endtime="20220321 11:57:22.387"/>
</kw>
<kw name="Fill Cadastro" library="cad">
<arg>${EMPTY}</arg>
<arg>test@gmail.com</arg>
<arg>56</arg>
<arg>77</arg>
<arg>1.73</arg>
<kw name="Fill Text" library="Browser">
<arg>css=input[placeholder="Digite seu nome completo"]</arg>
<arg>${name}</arg>
<tag>PageContent</tag>
<tag>Setter</tag>
<doc>Clears and fills the given ``txt`` into the text field found by ``selector``.</doc>
<msg timestamp="20220321 11:57:22.393" level="INFO">Fills the text '' in the given field.</msg>
<status status="PASS" starttime="20220321 11:57:22.391" endtime="20220321 11:57:22.511"/>
</kw>
<kw name="Fill Text" library="Browser">
<arg>css=input[placeholder="Digite seu endereço de e-Mail"]</arg>
<arg>${email}</arg>
<tag>PageContent</tag>
<tag>Setter</tag>
<doc>Clears and fills the given ``txt`` into the text field found by ``selector``.</doc>
<msg timestamp="20220321 11:57:22.514" level="INFO">Fills the text 'test@gmail.com' in the given field.</msg>
<status status="PASS" starttime="20220321 11:57:22.511" endtime="20220321 11:57:22.600"/>
</kw>
<kw name="Fill Text" library="Browser">
<arg>css=input[placeholder="Sua Idade"]</arg>
<arg>${age}</arg>
<tag>PageContent</tag>
<tag>Setter</tag>
<doc>Clears and fills the given ``txt`` into the text field found by ``selector``.</doc>
<msg timestamp="20220321 11:57:22.601" level="INFO">Fills the text '56' in the given field.</msg>
<status status="PASS" starttime="20220321 11:57:22.600" endtime="20220321 11:57:22.690"/>
</kw>
<kw name="Fill Text" library="Browser">
<arg>css=input[placeholder="Seu Peso"]</arg>
<arg>${weight}</arg>
<tag>PageContent</tag>
<tag>Setter</tag>
<doc>Clears and fills the given ``txt`` into the text field found by ``selector``.</doc>
<msg timestamp="20220321 11:57:22.692" level="INFO">Fills the text '77' in the given field.</msg>
<status status="PASS" starttime="20220321 11:57:22.691" endtime="20220321 11:57:22.785"/>
</kw>
<kw name="Fill Text" library="Browser">
<arg>css=input[placeholder="Sua Altura"]</arg>
<arg>${feet_tall}</arg>
<tag>PageContent</tag>
<tag>Setter</tag>
<doc>Clears and fills the given ``txt`` into the text field found by ``selector``.</doc>
<msg timestamp="20220321 11:57:22.786" level="INFO">Fills the text '1.73' in the given field.</msg>
<status status="PASS" starttime="20220321 11:57:22.785" endtime="20220321 11:57:22.953"/>
</kw>
<status status="PASS" starttime="20220321 11:57:22.388" endtime="20220321 11:57:22.953"/>
</kw>
<kw name="Click Save" library="cad">
<kw name="Click" library="Browser">
<arg>xpath=//button[text()="Salvar"]</arg>
<tag>PageContent</tag>
<tag>Setter</tag>
<doc>Simulates mouse click on the element found by ``selector``.</doc>
<status status="PASS" starttime="20220321 11:57:22.963" endtime="20220321 11:57:23.180"/>
</kw>
<status status="PASS" starttime="20220321 11:57:22.962" endtime="20220321 11:57:23.181"/>
</kw>
<kw name="Span Campo Obrigatório" library="cad">
<arg>Nome é obrigatório</arg>
<kw name="Get Text" library="Browser">
<arg>css=span &gt;&gt; text=${span_obr}</arg>
<tag>Assertion</tag>
<tag>Getter</tag>
<tag>PageContent</tag>
<doc>Returns text attribute of the element found by ``selector``.</doc>
<status status="PASS" starttime="20220321 11:57:23.183" endtime="20220321 11:57:23.483"/>
</kw>
<status status="PASS" starttime="20220321 11:57:23.182" endtime="20220321 11:57:23.484"/>
</kw>
<kw name="Clear Storage" library="cad" type="TEARDOWN">
<kw name="LocalStorage Clear" library="Browser">
<tag>PageContent</tag>
<tag>Setter</tag>
<doc>Remove all saved data from the local storage.</doc>
<msg timestamp="20220321 11:57:23.508" level="INFO"/>
<status status="PASS" starttime="20220321 11:57:23.488" endtime="20220321 11:57:23.508"/>
</kw>
<kw name="Take Screenshot" library="Browser">
<tag>PageContent</tag>
<doc>Takes a screenshot of the current window or element and saves it to disk.</doc>
<msg timestamp="20220321 11:57:23.825" level="INFO" html="true">&lt;/td&gt;&lt;/tr&gt;&lt;tr&gt;&lt;td colspan="3"&gt;&lt;a href="browser/screenshot/robotframework-browser-screenshot-3.png"&gt;&lt;img src="browser/screenshot/robotframework-browser-screenshot-3.png" width="800px"&gt;&lt;/a&gt;</msg>
<status status="PASS" starttime="20220321 11:57:23.509" endtime="20220321 11:57:23.825"/>
</kw>
<status status="PASS" starttime="20220321 11:57:23.487" endtime="20220321 11:57:23.826"/>
</kw>
<status status="PASS" starttime="20220321 11:57:19.603" endtime="20220321 11:57:23.828"/>
</test>
<test id="s1-t4" name="Cenário: Tentar cadastrar novo aluno &quot;sem email&quot;">
<kw name="cad.Go To Page" library="cad">
<kw name="Go To" library="Browser">
<arg>https://bodytest-web-drakke.herokuapp.com/</arg>
<tag>BrowserControl</tag>
<tag>Setter</tag>
<doc>Navigates to the given ``url``.</doc>
<msg timestamp="20220321 11:57:25.285" level="INFO">Successfully opened URL https://bodytest-web-drakke.herokuapp.com/</msg>
<status status="PASS" starttime="20220321 11:57:23.880" endtime="20220321 11:57:25.286"/>
</kw>
<status status="PASS" starttime="20220321 11:57:23.879" endtime="20220321 11:57:25.286"/>
</kw>
<kw name="cad.Acceso" library="cad">
<arg>admin@bodytest.com</arg>
<arg>pwd123</arg>
<kw name="Fill Text" library="Browser">
<arg>css=#email</arg>
<arg>${email}</arg>
<tag>PageContent</tag>
<tag>Setter</tag>
<doc>Clears and fills the given ``txt`` into the text field found by ``selector``.</doc>
<msg timestamp="20220321 11:57:25.290" level="INFO">Fills the text 'admin@bodytest.com' in the given field.</msg>
<status status="PASS" starttime="20220321 11:57:25.290" endtime="20220321 11:57:25.502"/>
</kw>
<kw name="Fill Text" library="Browser">
<arg>css=#password</arg>
<arg>${pass}</arg>
<tag>PageContent</tag>
<tag>Setter</tag>
<doc>Clears and fills the given ``txt`` into the text field found by ``selector``.</doc>
<msg timestamp="20220321 11:57:25.503" level="INFO">Fills the text 'pwd123' in the given field.</msg>
<status status="PASS" starttime="20220321 11:57:25.503" endtime="20220321 11:57:25.647"/>
</kw>
<kw name="Click" library="Browser">
<arg>css=button &gt;&gt; text=Entrar</arg>
<tag>PageContent</tag>
<tag>Setter</tag>
<doc>Simulates mouse click on the element found by ``selector``.</doc>
<status status="PASS" starttime="20220321 11:57:25.647" endtime="20220321 11:57:25.791"/>
</kw>
<status status="PASS" starttime="20220321 11:57:25.289" endtime="20220321 11:57:25.792"/>
</kw>
<kw name="Click navbar" library="cad">
<arg>/alunos</arg>
<kw name="Click" library="Browser">
<arg>xpath=//a[@href="${al_pl_ma}"]</arg>
<tag>PageContent</tag>
<tag>Setter</tag>
<doc>Simulates mouse click on the element found by ``selector``.</doc>
<status status="PASS" starttime="20220321 11:57:25.794" endtime="20220321 11:57:26.302"/>
</kw>
<status status="PASS" starttime="20220321 11:57:25.793" endtime="20220321 11:57:26.303"/>
</kw>
<kw name="Click navbar" library="cad">
<arg>/alunos/new</arg>
<kw name="Click" library="Browser">
<arg>xpath=//a[@href="${al_pl_ma}"]</arg>
<tag>PageContent</tag>
<tag>Setter</tag>
<doc>Simulates mouse click on the element found by ``selector``.</doc>
<status status="PASS" starttime="20220321 11:57:26.305" endtime="20220321 11:57:26.870"/>
</kw>
<status status="PASS" starttime="20220321 11:57:26.304" endtime="20220321 11:57:26.870"/>
</kw>
<kw name="Fill Cadastro" library="cad">
<arg>Test</arg>
<arg>${EMPTY}</arg>
<arg>56</arg>
<arg>77</arg>
<arg>1.73</arg>
<kw name="Fill Text" library="Browser">
<arg>css=input[placeholder="Digite seu nome completo"]</arg>
<arg>${name}</arg>
<tag>PageContent</tag>
<tag>Setter</tag>
<doc>Clears and fills the given ``txt`` into the text field found by ``selector``.</doc>
<msg timestamp="20220321 11:57:26.873" level="INFO">Fills the text 'Test' in the given field.</msg>
<status status="PASS" starttime="20220321 11:57:26.873" endtime="20220321 11:57:26.995"/>
</kw>
<kw name="Fill Text" library="Browser">
<arg>css=input[placeholder="Digite seu endereço de e-Mail"]</arg>
<arg>${email}</arg>
<tag>PageContent</tag>
<tag>Setter</tag>
<doc>Clears and fills the given ``txt`` into the text field found by ``selector``.</doc>
<msg timestamp="20220321 11:57:26.997" level="INFO">Fills the text '' in the given field.</msg>
<status status="PASS" starttime="20220321 11:57:26.995" endtime="20220321 11:57:27.097"/>
</kw>
<kw name="Fill Text" library="Browser">
<arg>css=input[placeholder="Sua Idade"]</arg>
<arg>${age}</arg>
<tag>PageContent</tag>
<tag>Setter</tag>
<doc>Clears and fills the given ``txt`` into the text field found by ``selector``.</doc>
<msg timestamp="20220321 11:57:27.098" level="INFO">Fills the text '56' in the given field.</msg>
<status status="PASS" starttime="20220321 11:57:27.097" endtime="20220321 11:57:27.199"/>
</kw>
<kw name="Fill Text" library="Browser">
<arg>css=input[placeholder="Seu Peso"]</arg>
<arg>${weight}</arg>
<tag>PageContent</tag>
<tag>Setter</tag>
<doc>Clears and fills the given ``txt`` into the text field found by ``selector``.</doc>
<msg timestamp="20220321 11:57:27.200" level="INFO">Fills the text '77' in the given field.</msg>
<status status="PASS" starttime="20220321 11:57:27.199" endtime="20220321 11:57:27.321"/>
</kw>
<kw name="Fill Text" library="Browser">
<arg>css=input[placeholder="Sua Altura"]</arg>
<arg>${feet_tall}</arg>
<tag>PageContent</tag>
<tag>Setter</tag>
<doc>Clears and fills the given ``txt`` into the text field found by ``selector``.</doc>
<msg timestamp="20220321 11:57:27.322" level="INFO">Fills the text '1.73' in the given field.</msg>
<status status="PASS" starttime="20220321 11:57:27.322" endtime="20220321 11:57:27.432"/>
</kw>
<status status="PASS" starttime="20220321 11:57:26.871" endtime="20220321 11:57:27.433"/>
</kw>
<kw name="Click Save" library="cad">
<kw name="Click" library="Browser">
<arg>xpath=//button[text()="Salvar"]</arg>
<tag>PageContent</tag>
<tag>Setter</tag>
<doc>Simulates mouse click on the element found by ``selector``.</doc>
<status status="PASS" starttime="20220321 11:57:27.434" endtime="20220321 11:57:27.572"/>
</kw>
<status status="PASS" starttime="20220321 11:57:27.433" endtime="20220321 11:57:27.573"/>
</kw>
<kw name="Span Campo Obrigatório" library="cad">
<arg>O e-mail é obrigatório</arg>
<kw name="Get Text" library="Browser">
<arg>css=span &gt;&gt; text=${span_obr}</arg>
<tag>Assertion</tag>
<tag>Getter</tag>
<tag>PageContent</tag>
<doc>Returns text attribute of the element found by ``selector``.</doc>
<status status="PASS" starttime="20220321 11:57:27.575" endtime="20220321 11:57:27.766"/>
</kw>
<status status="PASS" starttime="20220321 11:57:27.574" endtime="20220321 11:57:27.767"/>
</kw>
<kw name="Clear Storage" library="cad" type="TEARDOWN">
<kw name="LocalStorage Clear" library="Browser">
<tag>PageContent</tag>
<tag>Setter</tag>
<doc>Remove all saved data from the local storage.</doc>
<msg timestamp="20220321 11:57:27.790" level="INFO"/>
<status status="PASS" starttime="20220321 11:57:27.771" endtime="20220321 11:57:27.792"/>
</kw>
<kw name="Take Screenshot" library="Browser">
<tag>PageContent</tag>
<doc>Takes a screenshot of the current window or element and saves it to disk.</doc>
<msg timestamp="20220321 11:57:28.113" level="INFO" html="true">&lt;/td&gt;&lt;/tr&gt;&lt;tr&gt;&lt;td colspan="3"&gt;&lt;a href="browser/screenshot/robotframework-browser-screenshot-4.png"&gt;&lt;img src="browser/screenshot/robotframework-browser-screenshot-4.png" width="800px"&gt;&lt;/a&gt;</msg>
<status status="PASS" starttime="20220321 11:57:27.792" endtime="20220321 11:57:28.113"/>
</kw>
<status status="PASS" starttime="20220321 11:57:27.769" endtime="20220321 11:57:28.114"/>
</kw>
<status status="PASS" starttime="20220321 11:57:23.863" endtime="20220321 11:57:28.115"/>
</test>
<test id="s1-t5" name="Cenário: Tentar cadastrar novo aluno &quot;sem idade&quot;">
<kw name="cad.Go To Page" library="cad">
<kw name="Go To" library="Browser">
<arg>https://bodytest-web-drakke.herokuapp.com/</arg>
<tag>BrowserControl</tag>
<tag>Setter</tag>
<doc>Navigates to the given ``url``.</doc>
<msg timestamp="20220321 11:57:29.087" level="INFO">Successfully opened URL https://bodytest-web-drakke.herokuapp.com/</msg>
<status status="PASS" starttime="20220321 11:57:28.172" endtime="20220321 11:57:29.088"/>
</kw>
<status status="PASS" starttime="20220321 11:57:28.170" endtime="20220321 11:57:29.088"/>
</kw>
<kw name="cad.Acceso" library="cad">
<arg>admin@bodytest.com</arg>
<arg>pwd123</arg>
<kw name="Fill Text" library="Browser">
<arg>css=#email</arg>
<arg>${email}</arg>
<tag>PageContent</tag>
<tag>Setter</tag>
<doc>Clears and fills the given ``txt`` into the text field found by ``selector``.</doc>
<msg timestamp="20220321 11:57:29.092" level="INFO">Fills the text 'admin@bodytest.com' in the given field.</msg>
<status status="PASS" starttime="20220321 11:57:29.090" endtime="20220321 11:57:29.281"/>
</kw>
<kw name="Fill Text" library="Browser">
<arg>css=#password</arg>
<arg>${pass}</arg>
<tag>PageContent</tag>
<tag>Setter</tag>
<doc>Clears and fills the given ``txt`` into the text field found by ``selector``.</doc>
<msg timestamp="20220321 11:57:29.282" level="INFO">Fills the text 'pwd123' in the given field.</msg>
<status status="PASS" starttime="20220321 11:57:29.281" endtime="20220321 11:57:29.381"/>
</kw>
<kw name="Click" library="Browser">
<arg>css=button &gt;&gt; text=Entrar</arg>
<tag>PageContent</tag>
<tag>Setter</tag>
<doc>Simulates mouse click on the element found by ``selector``.</doc>
<status status="PASS" starttime="20220321 11:57:29.381" endtime="20220321 11:57:29.531"/>
</kw>
<status status="PASS" starttime="20220321 11:57:29.089" endtime="20220321 11:57:29.531"/>
</kw>
<kw name="Click navbar" library="cad">
<arg>/alunos</arg>
<kw name="Click" library="Browser">
<arg>xpath=//a[@href="${al_pl_ma}"]</arg>
<tag>PageContent</tag>
<tag>Setter</tag>
<doc>Simulates mouse click on the element found by ``selector``.</doc>
<status status="PASS" starttime="20220321 11:57:29.533" endtime="20220321 11:57:30.194"/>
</kw>
<status status="PASS" starttime="20220321 11:57:29.532" endtime="20220321 11:57:30.195"/>
</kw>
<kw name="Click navbar" library="cad">
<arg>/alunos/new</arg>
<kw name="Click" library="Browser">
<arg>xpath=//a[@href="${al_pl_ma}"]</arg>
<tag>PageContent</tag>
<tag>Setter</tag>
<doc>Simulates mouse click on the element found by ``selector``.</doc>
<status status="PASS" starttime="20220321 11:57:30.203" endtime="20220321 11:57:30.702"/>
</kw>
<status status="PASS" starttime="20220321 11:57:30.197" endtime="20220321 11:57:30.702"/>
</kw>
<kw name="Fill Cadastro" library="cad">
<arg>Test</arg>
<arg>test@gmail.com</arg>
<arg>${EMPTY}</arg>
<arg>77</arg>
<arg>1.73</arg>
<kw name="Fill Text" library="Browser">
<arg>css=input[placeholder="Digite seu nome completo"]</arg>
<arg>${name}</arg>
<tag>PageContent</tag>
<tag>Setter</tag>
<doc>Clears and fills the given ``txt`` into the text field found by ``selector``.</doc>
<msg timestamp="20220321 11:57:30.707" level="INFO">Fills the text 'Test' in the given field.</msg>
<status status="PASS" starttime="20220321 11:57:30.706" endtime="20220321 11:57:30.846"/>
</kw>
<kw name="Fill Text" library="Browser">
<arg>css=input[placeholder="Digite seu endereço de e-Mail"]</arg>
<arg>${email}</arg>
<tag>PageContent</tag>
<tag>Setter</tag>
<doc>Clears and fills the given ``txt`` into the text field found by ``selector``.</doc>
<msg timestamp="20220321 11:57:30.847" level="INFO">Fills the text 'test@gmail.com' in the given field.</msg>
<status status="PASS" starttime="20220321 11:57:30.847" endtime="20220321 11:57:30.942"/>
</kw>
<kw name="Fill Text" library="Browser">
<arg>css=input[placeholder="Sua Idade"]</arg>
<arg>${age}</arg>
<tag>PageContent</tag>
<tag>Setter</tag>
<doc>Clears and fills the given ``txt`` into the text field found by ``selector``.</doc>
<msg timestamp="20220321 11:57:30.943" level="INFO">Fills the text '' in the given field.</msg>
<status status="PASS" starttime="20220321 11:57:30.942" endtime="20220321 11:57:31.034"/>
</kw>
<kw name="Fill Text" library="Browser">
<arg>css=input[placeholder="Seu Peso"]</arg>
<arg>${weight}</arg>
<tag>PageContent</tag>
<tag>Setter</tag>
<doc>Clears and fills the given ``txt`` into the text field found by ``selector``.</doc>
<msg timestamp="20220321 11:57:31.038" level="INFO">Fills the text '77' in the given field.</msg>
<status status="PASS" starttime="20220321 11:57:31.035" endtime="20220321 11:57:31.146"/>
</kw>
<kw name="Fill Text" library="Browser">
<arg>css=input[placeholder="Sua Altura"]</arg>
<arg>${feet_tall}</arg>
<tag>PageContent</tag>
<tag>Setter</tag>
<doc>Clears and fills the given ``txt`` into the text field found by ``selector``.</doc>
<msg timestamp="20220321 11:57:31.147" level="INFO">Fills the text '1.73' in the given field.</msg>
<status status="PASS" starttime="20220321 11:57:31.146" endtime="20220321 11:57:31.247"/>
</kw>
<status status="PASS" starttime="20220321 11:57:30.703" endtime="20220321 11:57:31.248"/>
</kw>
<kw name="Click Save" library="cad">
<kw name="Click" library="Browser">
<arg>xpath=//button[text()="Salvar"]</arg>
<tag>PageContent</tag>
<tag>Setter</tag>
<doc>Simulates mouse click on the element found by ``selector``.</doc>
<status status="PASS" starttime="20220321 11:57:31.250" endtime="20220321 11:57:31.441"/>
</kw>
<status status="PASS" starttime="20220321 11:57:31.248" endtime="20220321 11:57:31.441"/>
</kw>
<kw name="Span Campo Obrigatório" library="cad">
<arg>idade é obrigatória</arg>
<kw name="Get Text" library="Browser">
<arg>css=span &gt;&gt; text=${span_obr}</arg>
<tag>Assertion</tag>
<tag>Getter</tag>
<tag>PageContent</tag>
<doc>Returns text attribute of the element found by ``selector``.</doc>
<status status="PASS" starttime="20220321 11:57:31.443" endtime="20220321 11:57:31.647"/>
</kw>
<status status="PASS" starttime="20220321 11:57:31.442" endtime="20220321 11:57:31.648"/>
</kw>
<kw name="Clear Storage" library="cad" type="TEARDOWN">
<kw name="LocalStorage Clear" library="Browser">
<tag>PageContent</tag>
<tag>Setter</tag>
<doc>Remove all saved data from the local storage.</doc>
<msg timestamp="20220321 11:57:31.664" level="INFO"/>
<status status="PASS" starttime="20220321 11:57:31.651" endtime="20220321 11:57:31.665"/>
</kw>
<kw name="Take Screenshot" library="Browser">
<tag>PageContent</tag>
<doc>Takes a screenshot of the current window or element and saves it to disk.</doc>
<msg timestamp="20220321 11:57:31.999" level="INFO" html="true">&lt;/td&gt;&lt;/tr&gt;&lt;tr&gt;&lt;td colspan="3"&gt;&lt;a href="browser/screenshot/robotframework-browser-screenshot-5.png"&gt;&lt;img src="browser/screenshot/robotframework-browser-screenshot-5.png" width="800px"&gt;&lt;/a&gt;</msg>
<status status="PASS" starttime="20220321 11:57:31.665" endtime="20220321 11:57:32.000"/>
</kw>
<status status="PASS" starttime="20220321 11:57:31.649" endtime="20220321 11:57:32.000"/>
</kw>
<status status="PASS" starttime="20220321 11:57:28.153" endtime="20220321 11:57:32.001"/>
</test>
<test id="s1-t6" name="Cenário: Tentar cadastrar novo aluno &quot;sem peso&quot;">
<kw name="cad.Go To Page" library="cad">
<kw name="Go To" library="Browser">
<arg>https://bodytest-web-drakke.herokuapp.com/</arg>
<tag>BrowserControl</tag>
<tag>Setter</tag>
<doc>Navigates to the given ``url``.</doc>
<msg timestamp="20220321 11:57:32.878" level="INFO">Successfully opened URL https://bodytest-web-drakke.herokuapp.com/</msg>
<status status="PASS" starttime="20220321 11:57:32.087" endtime="20220321 11:57:32.878"/>
</kw>
<status status="PASS" starttime="20220321 11:57:32.086" endtime="20220321 11:57:32.879"/>
</kw>
<kw name="cad.Acceso" library="cad">
<arg>admin@bodytest.com</arg>
<arg>pwd123</arg>
<kw name="Fill Text" library="Browser">
<arg>css=#email</arg>
<arg>${email}</arg>
<tag>PageContent</tag>
<tag>Setter</tag>
<doc>Clears and fills the given ``txt`` into the text field found by ``selector``.</doc>
<msg timestamp="20220321 11:57:32.882" level="INFO">Fills the text 'admin@bodytest.com' in the given field.</msg>
<status status="PASS" starttime="20220321 11:57:32.881" endtime="20220321 11:57:33.061"/>
</kw>
<kw name="Fill Text" library="Browser">
<arg>css=#password</arg>
<arg>${pass}</arg>
<tag>PageContent</tag>
<tag>Setter</tag>
<doc>Clears and fills the given ``txt`` into the text field found by ``selector``.</doc>
<msg timestamp="20220321 11:57:33.064" level="INFO">Fills the text 'pwd123' in the given field.</msg>
<status status="PASS" starttime="20220321 11:57:33.062" endtime="20220321 11:57:33.173"/>
</kw>
<kw name="Click" library="Browser">
<arg>css=button &gt;&gt; text=Entrar</arg>
<tag>PageContent</tag>
<tag>Setter</tag>
<doc>Simulates mouse click on the element found by ``selector``.</doc>
<status status="PASS" starttime="20220321 11:57:33.173" endtime="20220321 11:57:33.346"/>
</kw>
<status status="PASS" starttime="20220321 11:57:32.880" endtime="20220321 11:57:33.347"/>
</kw>
<kw name="Click navbar" library="cad">
<arg>/alunos</arg>
<kw name="Click" library="Browser">
<arg>xpath=//a[@href="${al_pl_ma}"]</arg>
<tag>PageContent</tag>
<tag>Setter</tag>
<doc>Simulates mouse click on the element found by ``selector``.</doc>
<status status="PASS" starttime="20220321 11:57:33.348" endtime="20220321 11:57:33.873"/>
</kw>
<status status="PASS" starttime="20220321 11:57:33.347" endtime="20220321 11:57:33.873"/>
</kw>
<kw name="Click navbar" library="cad">
<arg>/alunos/new</arg>
<kw name="Click" library="Browser">
<arg>xpath=//a[@href="${al_pl_ma}"]</arg>
<tag>PageContent</tag>
<tag>Setter</tag>
<doc>Simulates mouse click on the element found by ``selector``.</doc>
<status status="PASS" starttime="20220321 11:57:33.877" endtime="20220321 11:57:34.344"/>
</kw>
<status status="PASS" starttime="20220321 11:57:33.873" endtime="20220321 11:57:34.345"/>
</kw>
<kw name="Fill Cadastro" library="cad">
<arg>Test</arg>
<arg>test@gmail.com</arg>
<arg>56</arg>
<arg>${EMPTY}</arg>
<arg>1.73</arg>
<kw name="Fill Text" library="Browser">
<arg>css=input[placeholder="Digite seu nome completo"]</arg>
<arg>${name}</arg>
<tag>PageContent</tag>
<tag>Setter</tag>
<doc>Clears and fills the given ``txt`` into the text field found by ``selector``.</doc>
<msg timestamp="20220321 11:57:34.349" level="INFO">Fills the text 'Test' in the given field.</msg>
<status status="PASS" starttime="20220321 11:57:34.349" endtime="20220321 11:57:34.475"/>
</kw>
<kw name="Fill Text" library="Browser">
<arg>css=input[placeholder="Digite seu endereço de e-Mail"]</arg>
<arg>${email}</arg>
<tag>PageContent</tag>
<tag>Setter</tag>
<doc>Clears and fills the given ``txt`` into the text field found by ``selector``.</doc>
<msg timestamp="20220321 11:57:34.476" level="INFO">Fills the text 'test@gmail.com' in the given field.</msg>
<status status="PASS" starttime="20220321 11:57:34.476" endtime="20220321 11:57:34.587"/>
</kw>
<kw name="Fill Text" library="Browser">
<arg>css=input[placeholder="Sua Idade"]</arg>
<arg>${age}</arg>
<tag>PageContent</tag>
<tag>Setter</tag>
<doc>Clears and fills the given ``txt`` into the text field found by ``selector``.</doc>
<msg timestamp="20220321 11:57:34.588" level="INFO">Fills the text '56' in the given field.</msg>
<status status="PASS" starttime="20220321 11:57:34.587" endtime="20220321 11:57:34.711"/>
</kw>
<kw name="Fill Text" library="Browser">
<arg>css=input[placeholder="Seu Peso"]</arg>
<arg>${weight}</arg>
<tag>PageContent</tag>
<tag>Setter</tag>
<doc>Clears and fills the given ``txt`` into the text field found by ``selector``.</doc>
<msg timestamp="20220321 11:57:34.712" level="INFO">Fills the text '' in the given field.</msg>
<status status="PASS" starttime="20220321 11:57:34.711" endtime="20220321 11:57:34.837"/>
</kw>
<kw name="Fill Text" library="Browser">
<arg>css=input[placeholder="Sua Altura"]</arg>
<arg>${feet_tall}</arg>
<tag>PageContent</tag>
<tag>Setter</tag>
<doc>Clears and fills the given ``txt`` into the text field found by ``selector``.</doc>
<msg timestamp="20220321 11:57:34.838" level="INFO">Fills the text '1.73' in the given field.</msg>
<status status="PASS" starttime="20220321 11:57:34.838" endtime="20220321 11:57:34.918"/>
</kw>
<status status="PASS" starttime="20220321 11:57:34.346" endtime="20220321 11:57:34.919"/>
</kw>
<kw name="Click Save" library="cad">
<kw name="Click" library="Browser">
<arg>xpath=//button[text()="Salvar"]</arg>
<tag>PageContent</tag>
<tag>Setter</tag>
<doc>Simulates mouse click on the element found by ``selector``.</doc>
<status status="PASS" starttime="20220321 11:57:34.920" endtime="20220321 11:57:35.090"/>
</kw>
<status status="PASS" starttime="20220321 11:57:34.919" endtime="20220321 11:57:35.090"/>
</kw>
<kw name="Span Campo Obrigatório" library="cad">
<arg>o peso é obrigatório</arg>
<kw name="Get Text" library="Browser">
<arg>css=span &gt;&gt; text=${span_obr}</arg>
<tag>Assertion</tag>
<tag>Getter</tag>
<tag>PageContent</tag>
<doc>Returns text attribute of the element found by ``selector``.</doc>
<status status="PASS" starttime="20220321 11:57:35.093" endtime="20220321 11:57:35.288"/>
</kw>
<status status="PASS" starttime="20220321 11:57:35.091" endtime="20220321 11:57:35.288"/>
</kw>
<kw name="Clear Storage" library="cad" type="TEARDOWN">
<kw name="LocalStorage Clear" library="Browser">
<tag>PageContent</tag>
<tag>Setter</tag>
<doc>Remove all saved data from the local storage.</doc>
<msg timestamp="20220321 11:57:35.330" level="INFO"/>
<status status="PASS" starttime="20220321 11:57:35.290" endtime="20220321 11:57:35.331"/>
</kw>
<kw name="Take Screenshot" library="Browser">
<tag>PageContent</tag>
<doc>Takes a screenshot of the current window or element and saves it to disk.</doc>
<msg timestamp="20220321 11:57:35.672" level="INFO" html="true">&lt;/td&gt;&lt;/tr&gt;&lt;tr&gt;&lt;td colspan="3"&gt;&lt;a href="browser/screenshot/robotframework-browser-screenshot-6.png"&gt;&lt;img src="browser/screenshot/robotframework-browser-screenshot-6.png" width="800px"&gt;&lt;/a&gt;</msg>
<status status="PASS" starttime="20220321 11:57:35.331" endtime="20220321 11:57:35.672"/>
</kw>
<status status="PASS" starttime="20220321 11:57:35.289" endtime="20220321 11:57:35.672"/>
</kw>
<status status="PASS" starttime="20220321 11:57:32.066" endtime="20220321 11:57:35.675"/>
</test>
<test id="s1-t7" name="Cenário: Tentar cadastrar novo aluno &quot;sem altura&quot;">
<kw name="cad.Go To Page" library="cad">
<kw name="Go To" library="Browser">
<arg>https://bodytest-web-drakke.herokuapp.com/</arg>
<tag>BrowserControl</tag>
<tag>Setter</tag>
<doc>Navigates to the given ``url``.</doc>
<msg timestamp="20220321 11:57:36.775" level="INFO">Successfully opened URL https://bodytest-web-drakke.herokuapp.com/</msg>
<status status="PASS" starttime="20220321 11:57:35.741" endtime="20220321 11:57:36.776"/>
</kw>
<status status="PASS" starttime="20220321 11:57:35.740" endtime="20220321 11:57:36.777"/>
</kw>
<kw name="cad.Acceso" library="cad">
<arg>admin@bodytest.com</arg>
<arg>pwd123</arg>
<kw name="Fill Text" library="Browser">
<arg>css=#email</arg>
<arg>${email}</arg>
<tag>PageContent</tag>
<tag>Setter</tag>
<doc>Clears and fills the given ``txt`` into the text field found by ``selector``.</doc>
<msg timestamp="20220321 11:57:36.781" level="INFO">Fills the text 'admin@bodytest.com' in the given field.</msg>
<status status="PASS" starttime="20220321 11:57:36.780" endtime="20220321 11:57:37.003"/>
</kw>
<kw name="Fill Text" library="Browser">
<arg>css=#password</arg>
<arg>${pass}</arg>
<tag>PageContent</tag>
<tag>Setter</tag>
<doc>Clears and fills the given ``txt`` into the text field found by ``selector``.</doc>
<msg timestamp="20220321 11:57:37.006" level="INFO">Fills the text 'pwd123' in the given field.</msg>
<status status="PASS" starttime="20220321 11:57:37.004" endtime="20220321 11:57:37.115"/>
</kw>
<kw name="Click" library="Browser">
<arg>css=button &gt;&gt; text=Entrar</arg>
<tag>PageContent</tag>
<tag>Setter</tag>
<doc>Simulates mouse click on the element found by ``selector``.</doc>
<status status="PASS" starttime="20220321 11:57:37.115" endtime="20220321 11:57:37.302"/>
</kw>
<status status="PASS" starttime="20220321 11:57:36.779" endtime="20220321 11:57:37.303"/>
</kw>
<kw name="Click navbar" library="cad">
<arg>/alunos</arg>
<kw name="Click" library="Browser">
<arg>xpath=//a[@href="${al_pl_ma}"]</arg>
<tag>PageContent</tag>
<tag>Setter</tag>
<doc>Simulates mouse click on the element found by ``selector``.</doc>
<status status="PASS" starttime="20220321 11:57:37.305" endtime="20220321 11:57:38.073"/>
</kw>
<status status="PASS" starttime="20220321 11:57:37.304" endtime="20220321 11:57:38.073"/>
</kw>
<kw name="Click navbar" library="cad">
<arg>/alunos/new</arg>
<kw name="Click" library="Browser">
<arg>xpath=//a[@href="${al_pl_ma}"]</arg>
<tag>PageContent</tag>
<tag>Setter</tag>
<doc>Simulates mouse click on the element found by ``selector``.</doc>
<status status="PASS" starttime="20220321 11:57:38.078" endtime="20220321 11:57:38.846"/>
</kw>
<status status="PASS" starttime="20220321 11:57:38.074" endtime="20220321 11:57:38.847"/>
</kw>
<kw name="Fill Cadastro" library="cad">
<arg>Test</arg>
<arg>test@gmail.com</arg>
<arg>56</arg>
<arg>77</arg>
<arg>${EMPTY}</arg>
<kw name="Fill Text" library="Browser">
<arg>css=input[placeholder="Digite seu nome completo"]</arg>
<arg>${name}</arg>
<tag>PageContent</tag>
<tag>Setter</tag>
<doc>Clears and fills the given ``txt`` into the text field found by ``selector``.</doc>
<msg timestamp="20220321 11:57:38.850" level="INFO">Fills the text 'Test' in the given field.</msg>
<status status="PASS" starttime="20220321 11:57:38.849" endtime="20220321 11:57:38.982"/>
</kw>
<kw name="Fill Text" library="Browser">
<arg>css=input[placeholder="Digite seu endereço de e-Mail"]</arg>
<arg>${email}</arg>
<tag>PageContent</tag>
<tag>Setter</tag>
<doc>Clears and fills the given ``txt`` into the text field found by ``selector``.</doc>
<msg timestamp="20220321 11:57:38.984" level="INFO">Fills the text 'test@gmail.com' in the given field.</msg>
<status status="PASS" starttime="20220321 11:57:38.983" endtime="20220321 11:57:39.063"/>
</kw>
<kw name="Fill Text" library="Browser">
<arg>css=input[placeholder="Sua Idade"]</arg>
<arg>${age}</arg>
<tag>PageContent</tag>
<tag>Setter</tag>
<doc>Clears and fills the given ``txt`` into the text field found by ``selector``.</doc>
<msg timestamp="20220321 11:57:39.064" level="INFO">Fills the text '56' in the given field.</msg>
<status status="PASS" starttime="20220321 11:57:39.063" endtime="20220321 11:57:39.157"/>
</kw>
<kw name="Fill Text" library="Browser">
<arg>css=input[placeholder="Seu Peso"]</arg>
<arg>${weight}</arg>
<tag>PageContent</tag>
<tag>Setter</tag>
<doc>Clears and fills the given ``txt`` into the text field found by ``selector``.</doc>
<msg timestamp="20220321 11:57:39.159" level="INFO">Fills the text '77' in the given field.</msg>
<status status="PASS" starttime="20220321 11:57:39.158" endtime="20220321 11:57:39.291"/>
</kw>
<kw name="Fill Text" library="Browser">
<arg>css=input[placeholder="Sua Altura"]</arg>
<arg>${feet_tall}</arg>
<tag>PageContent</tag>
<tag>Setter</tag>
<doc>Clears and fills the given ``txt`` into the text field found by ``selector``.</doc>
<msg timestamp="20220321 11:57:39.293" level="INFO">Fills the text '' in the given field.</msg>
<status status="PASS" starttime="20220321 11:57:39.292" endtime="20220321 11:57:39.367"/>
</kw>
<status status="PASS" starttime="20220321 11:57:38.847" endtime="20220321 11:57:39.368"/>
</kw>
<kw name="Click Save" library="cad">
<kw name="Click" library="Browser">
<arg>xpath=//button[text()="Salvar"]</arg>
<tag>PageContent</tag>
<tag>Setter</tag>
<doc>Simulates mouse click on the element found by ``selector``.</doc>
<status status="PASS" starttime="20220321 11:57:39.370" endtime="20220321 11:57:39.549"/>
</kw>
<status status="PASS" starttime="20220321 11:57:39.368" endtime="20220321 11:57:39.549"/>
</kw>
<kw name="Span Campo Obrigatório" library="cad">
<arg>a Altura é obrigatória</arg>
<kw name="Get Text" library="Browser">
<arg>css=span &gt;&gt; text=${span_obr}</arg>
<tag>Assertion</tag>
<tag>Getter</tag>
<tag>PageContent</tag>
<doc>Returns text attribute of the element found by ``selector``.</doc>
<status status="PASS" starttime="20220321 11:57:39.550" endtime="20220321 11:57:39.816"/>
</kw>
<status status="PASS" starttime="20220321 11:57:39.550" endtime="20220321 11:57:39.817"/>
</kw>
<kw name="Clear Storage" library="cad" type="TEARDOWN">
<kw name="LocalStorage Clear" library="Browser">
<tag>PageContent</tag>
<tag>Setter</tag>
<doc>Remove all saved data from the local storage.</doc>
<msg timestamp="20220321 11:57:39.837" level="INFO"/>
<status status="PASS" starttime="20220321 11:57:39.821" endtime="20220321 11:57:39.837"/>
</kw>
<kw name="Take Screenshot" library="Browser">
<tag>PageContent</tag>
<doc>Takes a screenshot of the current window or element and saves it to disk.</doc>
<msg timestamp="20220321 11:57:40.207" level="INFO" html="true">&lt;/td&gt;&lt;/tr&gt;&lt;tr&gt;&lt;td colspan="3"&gt;&lt;a href="browser/screenshot/robotframework-browser-screenshot-7.png"&gt;&lt;img src="browser/screenshot/robotframework-browser-screenshot-7.png" width="800px"&gt;&lt;/a&gt;</msg>
<status status="PASS" starttime="20220321 11:57:39.838" endtime="20220321 11:57:40.208"/>
</kw>
<status status="PASS" starttime="20220321 11:57:39.817" endtime="20220321 11:57:40.208"/>
</kw>
<status status="PASS" starttime="20220321 11:57:35.721" endtime="20220321 11:57:40.208"/>
</test>
<test id="s1-t8" name="Cenário: Tentar cadastrar novo aluno com email inválido">
<kw name="cad.Go To Page" library="cad">
<kw name="Go To" library="Browser">
<arg>https://bodytest-web-drakke.herokuapp.com/</arg>
<tag>BrowserControl</tag>
<tag>Setter</tag>
<doc>Navigates to the given ``url``.</doc>
<msg timestamp="20220321 11:57:41.252" level="INFO">Successfully opened URL https://bodytest-web-drakke.herokuapp.com/</msg>
<status status="PASS" starttime="20220321 11:57:40.253" endtime="20220321 11:57:41.253"/>
</kw>
<status status="PASS" starttime="20220321 11:57:40.252" endtime="20220321 11:57:41.253"/>
</kw>
<kw name="cad.Acceso" library="cad">
<arg>admin@bodytest.com</arg>
<arg>pwd123</arg>
<kw name="Fill Text" library="Browser">
<arg>css=#email</arg>
<arg>${email}</arg>
<tag>PageContent</tag>
<tag>Setter</tag>
<doc>Clears and fills the given ``txt`` into the text field found by ``selector``.</doc>
<msg timestamp="20220321 11:57:41.261" level="INFO">Fills the text 'admin@bodytest.com' in the given field.</msg>
<status status="PASS" starttime="20220321 11:57:41.255" endtime="20220321 11:57:41.437"/>
</kw>
<kw name="Fill Text" library="Browser">
<arg>css=#password</arg>
<arg>${pass}</arg>
<tag>PageContent</tag>
<tag>Setter</tag>
<doc>Clears and fills the given ``txt`` into the text field found by ``selector``.</doc>
<msg timestamp="20220321 11:57:41.438" level="INFO">Fills the text 'pwd123' in the given field.</msg>
<status status="PASS" starttime="20220321 11:57:41.437" endtime="20220321 11:57:41.544"/>
</kw>
<kw name="Click" library="Browser">
<arg>css=button &gt;&gt; text=Entrar</arg>
<tag>PageContent</tag>
<tag>Setter</tag>
<doc>Simulates mouse click on the element found by ``selector``.</doc>
<status status="PASS" starttime="20220321 11:57:41.544" endtime="20220321 11:57:42.056"/>
</kw>
<status status="PASS" starttime="20220321 11:57:41.253" endtime="20220321 11:57:42.057"/>
</kw>
<kw name="Click navbar" library="cad">
<arg>/alunos</arg>
<kw name="Click" library="Browser">
<arg>xpath=//a[@href="${al_pl_ma}"]</arg>
<tag>PageContent</tag>
<tag>Setter</tag>
<doc>Simulates mouse click on the element found by ``selector``.</doc>
<status status="PASS" starttime="20220321 11:57:42.067" endtime="20220321 11:57:42.636"/>
</kw>
<status status="PASS" starttime="20220321 11:57:42.058" endtime="20220321 11:57:42.637"/>
</kw>
<kw name="Click navbar" library="cad">
<arg>/alunos/new</arg>
<kw name="Click" library="Browser">
<arg>xpath=//a[@href="${al_pl_ma}"]</arg>
<tag>PageContent</tag>
<tag>Setter</tag>
<doc>Simulates mouse click on the element found by ``selector``.</doc>
<status status="PASS" starttime="20220321 11:57:42.647" endtime="20220321 11:57:43.197"/>
</kw>
<status status="PASS" starttime="20220321 11:57:42.639" endtime="20220321 11:57:43.197"/>
</kw>
<kw name="Fill Cadastro" library="cad">
<arg>Test</arg>
<arg>test$gmail.com</arg>
<arg>56</arg>
<arg>77</arg>
<arg>1.73</arg>
<kw name="Fill Text" library="Browser">
<arg>css=input[placeholder="Digite seu nome completo"]</arg>
<arg>${name}</arg>
<tag>PageContent</tag>
<tag>Setter</tag>
<doc>Clears and fills the given ``txt`` into the text field found by ``selector``.</doc>
<msg timestamp="20220321 11:57:43.201" level="INFO">Fills the text 'Test' in the given field.</msg>
<status status="PASS" starttime="20220321 11:57:43.200" endtime="20220321 11:57:43.313"/>
</kw>
<kw name="Fill Text" library="Browser">
<arg>css=input[placeholder="Digite seu endereço de e-Mail"]</arg>
<arg>${email}</arg>
<tag>PageContent</tag>
<tag>Setter</tag>
<doc>Clears and fills the given ``txt`` into the text field found by ``selector``.</doc>
<msg timestamp="20220321 11:57:43.314" level="INFO">Fills the text 'test$gmail.com' in the given field.</msg>
<status status="PASS" starttime="20220321 11:57:43.313" endtime="20220321 11:57:43.458"/>
</kw>
<kw name="Fill Text" library="Browser">
<arg>css=input[placeholder="Sua Idade"]</arg>
<arg>${age}</arg>
<tag>PageContent</tag>
<tag>Setter</tag>
<doc>Clears and fills the given ``txt`` into the text field found by ``selector``.</doc>
<msg timestamp="20220321 11:57:43.459" level="INFO">Fills the text '56' in the given field.</msg>
<status status="PASS" starttime="20220321 11:57:43.458" endtime="20220321 11:57:43.582"/>
</kw>
<kw name="Fill Text" library="Browser">
<arg>css=input[placeholder="Seu Peso"]</arg>
<arg>${weight}</arg>
<tag>PageContent</tag>
<tag>Setter</tag>
<doc>Clears and fills the given ``txt`` into the text field found by ``selector``.</doc>
<msg timestamp="20220321 11:57:43.583" level="INFO">Fills the text '77' in the given field.</msg>
<status status="PASS" starttime="20220321 11:57:43.582" endtime="20220321 11:57:43.700"/>
</kw>
<kw name="Fill Text" library="Browser">
<arg>css=input[placeholder="Sua Altura"]</arg>
<arg>${feet_tall}</arg>
<tag>PageContent</tag>
<tag>Setter</tag>
<doc>Clears and fills the given ``txt`` into the text field found by ``selector``.</doc>
<msg timestamp="20220321 11:57:43.702" level="INFO">Fills the text '1.73' in the given field.</msg>
<status status="PASS" starttime="20220321 11:57:43.701" endtime="20220321 11:57:43.786"/>
</kw>
<status status="PASS" starttime="20220321 11:57:43.198" endtime="20220321 11:57:43.787"/>
</kw>
<kw name="Click Save" library="cad">
<kw name="Click" library="Browser">
<arg>xpath=//button[text()="Salvar"]</arg>
<tag>PageContent</tag>
<tag>Setter</tag>
<doc>Simulates mouse click on the element found by ``selector``.</doc>
<status status="PASS" starttime="20220321 11:57:43.792" endtime="20220321 11:57:43.951"/>
</kw>
<status status="PASS" starttime="20220321 11:57:43.788" endtime="20220321 11:57:43.952"/>
</kw>
<kw name="Clear Storage" library="cad" type="TEARDOWN">
<kw name="LocalStorage Clear" library="Browser">
<tag>PageContent</tag>
<tag>Setter</tag>
<doc>Remove all saved data from the local storage.</doc>
<msg timestamp="20220321 11:57:43.996" level="INFO"/>
<status status="PASS" starttime="20220321 11:57:43.961" endtime="20220321 11:57:43.996"/>
</kw>
<kw name="Take Screenshot" library="Browser">
<tag>PageContent</tag>
<doc>Takes a screenshot of the current window or element and saves it to disk.</doc>
<msg timestamp="20220321 11:57:44.780" level="INFO" html="true">&lt;/td&gt;&lt;/tr&gt;&lt;tr&gt;&lt;td colspan="3"&gt;&lt;a href="browser/screenshot/robotframework-browser-screenshot-8.png"&gt;&lt;img src="browser/screenshot/robotframework-browser-screenshot-8.png" width="800px"&gt;&lt;/a&gt;</msg>
<status status="PASS" starttime="20220321 11:57:43.997" endtime="20220321 11:57:44.780"/>
</kw>
<status status="PASS" starttime="20220321 11:57:43.953" endtime="20220321 11:57:44.781"/>
</kw>
<status status="PASS" starttime="20220321 11:57:40.236" endtime="20220321 11:57:44.781"/>
</test>
<test id="s1-t9" name="Cenário: Tentar cadastrar com usuário já existente">
<kw name="cad.Go To Page" library="cad">
<kw name="Go To" library="Browser">
<arg>https://bodytest-web-drakke.herokuapp.com/</arg>
<tag>BrowserControl</tag>
<tag>Setter</tag>
<doc>Navigates to the given ``url``.</doc>
<msg timestamp="20220321 11:57:46.081" level="INFO">Successfully opened URL https://bodytest-web-drakke.herokuapp.com/</msg>
<status status="PASS" starttime="20220321 11:57:44.853" endtime="20220321 11:57:46.081"/>
</kw>
<status status="PASS" starttime="20220321 11:57:44.852" endtime="20220321 11:57:46.082"/>
</kw>
<kw name="cad.Acceso" library="cad">
<arg>admin@bodytest.com</arg>
<arg>pwd123</arg>
<kw name="Fill Text" library="Browser">
<arg>css=#email</arg>
<arg>${email}</arg>
<tag>PageContent</tag>
<tag>Setter</tag>
<doc>Clears and fills the given ``txt`` into the text field found by ``selector``.</doc>
<msg timestamp="20220321 11:57:46.085" level="INFO">Fills the text 'admin@bodytest.com' in the given field.</msg>
<status status="PASS" starttime="20220321 11:57:46.084" endtime="20220321 11:57:46.265"/>
</kw>
<kw name="Fill Text" library="Browser">
<arg>css=#password</arg>
<arg>${pass}</arg>
<tag>PageContent</tag>
<tag>Setter</tag>
<doc>Clears and fills the given ``txt`` into the text field found by ``selector``.</doc>
<msg timestamp="20220321 11:57:46.267" level="INFO">Fills the text 'pwd123' in the given field.</msg>
<status status="PASS" starttime="20220321 11:57:46.265" endtime="20220321 11:57:46.372"/>
</kw>
<kw name="Click" library="Browser">
<arg>css=button &gt;&gt; text=Entrar</arg>
<tag>PageContent</tag>
<tag>Setter</tag>
<doc>Simulates mouse click on the element found by ``selector``.</doc>
<status status="PASS" starttime="20220321 11:57:46.373" endtime="20220321 11:57:46.529"/>
</kw>
<status status="PASS" starttime="20220321 11:57:46.083" endtime="20220321 11:57:46.530"/>
</kw>
<kw name="Click navbar" library="cad">
<arg>/alunos</arg>
<kw name="Click" library="Browser">
<arg>xpath=//a[@href="${al_pl_ma}"]</arg>
<tag>PageContent</tag>
<tag>Setter</tag>
<doc>Simulates mouse click on the element found by ``selector``.</doc>
<status status="PASS" starttime="20220321 11:57:46.533" endtime="20220321 11:57:47.349"/>
</kw>
<status status="PASS" starttime="20220321 11:57:46.532" endtime="20220321 11:57:47.350"/>
</kw>
<kw name="Click navbar" library="cad">
<arg>/alunos/new</arg>
<kw name="Click" library="Browser">
<arg>xpath=//a[@href="${al_pl_ma}"]</arg>
<tag>PageContent</tag>
<tag>Setter</tag>
<doc>Simulates mouse click on the element found by ``selector``.</doc>
<status status="PASS" starttime="20220321 11:57:47.352" endtime="20220321 11:57:47.839"/>
</kw>
<status status="PASS" starttime="20220321 11:57:47.351" endtime="20220321 11:57:47.839"/>
</kw>
<kw name="Fill Cadastro" library="cad">
<arg>Test</arg>
<arg>test@gmail.com</arg>
<arg>56</arg>
<arg>77</arg>
<arg>1.73</arg>
<kw name="Fill Text" library="Browser">
<arg>css=input[placeholder="Digite seu nome completo"]</arg>
<arg>${name}</arg>
<tag>PageContent</tag>
<tag>Setter</tag>
<doc>Clears and fills the given ``txt`` into the text field found by ``selector``.</doc>
<msg timestamp="20220321 11:57:47.843" level="INFO">Fills the text 'Test' in the given field.</msg>
<status status="PASS" starttime="20220321 11:57:47.842" endtime="20220321 11:57:47.976"/>
</kw>
<kw name="Fill Text" library="Browser">
<arg>css=input[placeholder="Digite seu endereço de e-Mail"]</arg>
<arg>${email}</arg>
<tag>PageContent</tag>
<tag>Setter</tag>
<doc>Clears and fills the given ``txt`` into the text field found by ``selector``.</doc>
<msg timestamp="20220321 11:57:47.977" level="INFO">Fills the text 'test@gmail.com' in the given field.</msg>
<status status="PASS" starttime="20220321 11:57:47.976" endtime="20220321 11:57:48.079"/>
</kw>
<kw name="Fill Text" library="Browser">
<arg>css=input[placeholder="Sua Idade"]</arg>
<arg>${age}</arg>
<tag>PageContent</tag>
<tag>Setter</tag>
<doc>Clears and fills the given ``txt`` into the text field found by ``selector``.</doc>
<msg timestamp="20220321 11:57:48.081" level="INFO">Fills the text '56' in the given field.</msg>
<status status="PASS" starttime="20220321 11:57:48.080" endtime="20220321 11:57:48.243"/>
</kw>
<kw name="Fill Text" library="Browser">
<arg>css=input[placeholder="Seu Peso"]</arg>
<arg>${weight}</arg>
<tag>PageContent</tag>
<tag>Setter</tag>
<doc>Clears and fills the given ``txt`` into the text field found by ``selector``.</doc>
<msg timestamp="20220321 11:57:48.245" level="INFO">Fills the text '77' in the given field.</msg>
<status status="PASS" starttime="20220321 11:57:48.243" endtime="20220321 11:57:48.361"/>
</kw>
<kw name="Fill Text" library="Browser">
<arg>css=input[placeholder="Sua Altura"]</arg>
<arg>${feet_tall}</arg>
<tag>PageContent</tag>
<tag>Setter</tag>
<doc>Clears and fills the given ``txt`` into the text field found by ``selector``.</doc>
<msg timestamp="20220321 11:57:48.363" level="INFO">Fills the text '1.73' in the given field.</msg>
<status status="PASS" starttime="20220321 11:57:48.362" endtime="20220321 11:57:48.453"/>
</kw>
<status status="PASS" starttime="20220321 11:57:47.840" endtime="20220321 11:57:48.454"/>
</kw>
<kw name="Click Save" library="cad">
<kw name="Click" library="Browser">
<arg>xpath=//button[text()="Salvar"]</arg>
<tag>PageContent</tag>
<tag>Setter</tag>
<doc>Simulates mouse click on the element found by ``selector``.</doc>
<status status="PASS" starttime="20220321 11:57:48.457" endtime="20220321 11:57:48.658"/>
</kw>
<status status="PASS" starttime="20220321 11:57:48.454" endtime="20220321 11:57:48.659"/>
</kw>
<kw name="cad.Wait For Toast" library="cad">
<arg>Email já existe no sistema.</arg>
<kw name="Wait For Elements State" library="Browser">
<arg>css=.Toastify__toast-body &gt;&gt; text=${txt_esperado}</arg>
<arg>visible</arg>
<arg>3</arg>
<tag>PageContent</tag>
<tag>Wait</tag>
<doc>Waits for the element found by ``selector`` to satisfy state option.</doc>
<msg timestamp="20220321 11:57:49.042" level="INFO">Waited for Element with selector css=.Toastify__toast-body &gt;&gt; text=Email já existe no sistema. at state visible</msg>
<status status="PASS" starttime="20220321 11:57:48.662" endtime="20220321 11:57:49.042"/>
</kw>
<status status="PASS" starttime="20220321 11:57:48.661" endtime="20220321 11:57:49.043"/>
</kw>
<kw name="Clear Storage" library="cad" type="TEARDOWN">
<kw name="LocalStorage Clear" library="Browser">
<tag>PageContent</tag>
<tag>Setter</tag>
<doc>Remove all saved data from the local storage.</doc>
<msg timestamp="20220321 11:57:49.065" level="INFO"/>
<status status="PASS" starttime="20220321 11:57:49.045" endtime="20220321 11:57:49.065"/>
</kw>
<kw name="Take Screenshot" library="Browser">
<tag>PageContent</tag>
<doc>Takes a screenshot of the current window or element and saves it to disk.</doc>
<msg timestamp="20220321 11:57:49.407" level="INFO" html="true">&lt;/td&gt;&lt;/tr&gt;&lt;tr&gt;&lt;td colspan="3"&gt;&lt;a href="browser/screenshot/robotframework-browser-screenshot-9.png"&gt;&lt;img src="browser/screenshot/robotframework-browser-screenshot-9.png" width="800px"&gt;&lt;/a&gt;</msg>
<status status="PASS" starttime="20220321 11:57:49.066" endtime="20220321 11:57:49.407"/>
</kw>
<status status="PASS" starttime="20220321 11:57:49.044" endtime="20220321 11:57:49.407"/>
</kw>
<status status="PASS" starttime="20220321 11:57:44.804" endtime="20220321 11:57:49.409"/>
</test>
<test id="s1-t10" name="Cenário: Tentar cadastrar usuário pré-histórico">
<kw name="cad.Go To Page" library="cad">
<kw name="Go To" library="Browser">
<arg>https://bodytest-web-drakke.herokuapp.com/</arg>
<tag>BrowserControl</tag>
<tag>Setter</tag>
<doc>Navigates to the given ``url``.</doc>
<msg timestamp="20220321 11:57:50.633" level="INFO">Successfully opened URL https://bodytest-web-drakke.herokuapp.com/</msg>
<status status="PASS" starttime="20220321 11:57:49.487" endtime="20220321 11:57:50.634"/>
</kw>
<status status="PASS" starttime="20220321 11:57:49.486" endtime="20220321 11:57:50.634"/>
</kw>
<kw name="cad.Acceso" library="cad">
<arg>admin@bodytest.com</arg>
<arg>pwd123</arg>
<kw name="Fill Text" library="Browser">
<arg>css=#email</arg>
<arg>${email}</arg>
<tag>PageContent</tag>
<tag>Setter</tag>
<doc>Clears and fills the given ``txt`` into the text field found by ``selector``.</doc>
<msg timestamp="20220321 11:57:50.645" level="INFO">Fills the text 'admin@bodytest.com' in the given field.</msg>
<status status="PASS" starttime="20220321 11:57:50.635" endtime="20220321 11:57:50.840"/>
</kw>
<kw name="Fill Text" library="Browser">
<arg>css=#password</arg>
<arg>${pass}</arg>
<tag>PageContent</tag>
<tag>Setter</tag>
<doc>Clears and fills the given ``txt`` into the text field found by ``selector``.</doc>
<msg timestamp="20220321 11:57:50.841" level="INFO">Fills the text 'pwd123' in the given field.</msg>
<status status="PASS" starttime="20220321 11:57:50.840" endtime="20220321 11:57:50.900"/>
</kw>
<kw name="Click" library="Browser">
<arg>css=button &gt;&gt; text=Entrar</arg>
<tag>PageContent</tag>
<tag>Setter</tag>
<doc>Simulates mouse click on the element found by ``selector``.</doc>
<status status="PASS" starttime="20220321 11:57:50.900" endtime="20220321 11:57:51.041"/>
</kw>
<status status="PASS" starttime="20220321 11:57:50.634" endtime="20220321 11:57:51.042"/>
</kw>
<kw name="Click navbar" library="cad">
<arg>/alunos</arg>
<kw name="Click" library="Browser">
<arg>xpath=//a[@href="${al_pl_ma}"]</arg>
<tag>PageContent</tag>
<tag>Setter</tag>
<doc>Simulates mouse click on the element found by ``selector``.</doc>
<status status="PASS" starttime="20220321 11:57:51.044" endtime="20220321 11:57:51.625"/>
</kw>
<status status="PASS" starttime="20220321 11:57:51.042" endtime="20220321 11:57:51.626"/>
</kw>
<kw name="Click navbar" library="cad">
<arg>/alunos/new</arg>
<kw name="Click" library="Browser">
<arg>xpath=//a[@href="${al_pl_ma}"]</arg>
<tag>PageContent</tag>
<tag>Setter</tag>
<doc>Simulates mouse click on the element found by ``selector``.</doc>
<status status="PASS" starttime="20220321 11:57:51.627" endtime="20220321 11:57:52.242"/>
</kw>
<status status="PASS" starttime="20220321 11:57:51.626" endtime="20220321 11:57:52.242"/>
</kw>
<kw name="Fill Cadastro" library="cad">
<arg>Test</arg>
<arg>test@gmail.com</arg>
<arg>5089</arg>
<arg>77</arg>
<arg>1.73</arg>
<kw name="Fill Text" library="Browser">
<arg>css=input[placeholder="Digite seu nome completo"]</arg>
<arg>${name}</arg>
<tag>PageContent</tag>
<tag>Setter</tag>
<doc>Clears and fills the given ``txt`` into the text field found by ``selector``.</doc>
<msg timestamp="20220321 11:57:52.245" level="INFO">Fills the text 'Test' in the given field.</msg>
<status status="PASS" starttime="20220321 11:57:52.245" endtime="20220321 11:57:52.361"/>
</kw>
<kw name="Fill Text" library="Browser">
<arg>css=input[placeholder="Digite seu endereço de e-Mail"]</arg>
<arg>${email}</arg>
<tag>PageContent</tag>
<tag>Setter</tag>
<doc>Clears and fills the given ``txt`` into the text field found by ``selector``.</doc>
<msg timestamp="20220321 11:57:52.364" level="INFO">Fills the text 'test@gmail.com' in the given field.</msg>
<status status="PASS" starttime="20220321 11:57:52.361" endtime="20220321 11:57:52.435"/>
</kw>
<kw name="Fill Text" library="Browser">
<arg>css=input[placeholder="Sua Idade"]</arg>
<arg>${age}</arg>
<tag>PageContent</tag>
<tag>Setter</tag>
<doc>Clears and fills the given ``txt`` into the text field found by ``selector``.</doc>
<msg timestamp="20220321 11:57:52.437" level="INFO">Fills the text '5089' in the given field.</msg>
<status status="PASS" starttime="20220321 11:57:52.436" endtime="20220321 11:57:52.523"/>
</kw>
<kw name="Fill Text" library="Browser">
<arg>css=input[placeholder="Seu Peso"]</arg>
<arg>${weight}</arg>
<tag>PageContent</tag>
<tag>Setter</tag>
<doc>Clears and fills the given ``txt`` into the text field found by ``selector``.</doc>
<msg timestamp="20220321 11:57:52.524" level="INFO">Fills the text '77' in the given field.</msg>
<status status="PASS" starttime="20220321 11:57:52.523" endtime="20220321 11:57:52.631"/>
</kw>
<kw name="Fill Text" library="Browser">
<arg>css=input[placeholder="Sua Altura"]</arg>
<arg>${feet_tall}</arg>
<tag>PageContent</tag>
<tag>Setter</tag>
<doc>Clears and fills the given ``txt`` into the text field found by ``selector``.</doc>
<msg timestamp="20220321 11:57:52.632" level="INFO">Fills the text '1.73' in the given field.</msg>
<status status="PASS" starttime="20220321 11:57:52.631" endtime="20220321 11:57:52.710"/>
</kw>
<status status="PASS" starttime="20220321 11:57:52.243" endtime="20220321 11:57:52.711"/>
</kw>
<kw name="Click Save" library="cad">
<kw name="Click" library="Browser">
<arg>xpath=//button[text()="Salvar"]</arg>
<tag>PageContent</tag>
<tag>Setter</tag>
<doc>Simulates mouse click on the element found by ``selector``.</doc>
<status status="PASS" starttime="20220321 11:57:52.713" endtime="20220321 11:57:52.873"/>
</kw>
<status status="PASS" starttime="20220321 11:57:52.712" endtime="20220321 11:57:52.873"/>
</kw>
<kw name="Span Campo Obrigatório" library="cad">
<arg>A idade deve ser menor ou igual 150 anos</arg>
<kw name="Get Text" library="Browser">
<arg>css=span &gt;&gt; text=${span_obr}</arg>
<tag>Assertion</tag>
<tag>Getter</tag>
<tag>PageContent</tag>
<doc>Returns text attribute of the element found by ``selector``.</doc>
<status status="PASS" starttime="20220321 11:57:52.875" endtime="20220321 11:57:53.041"/>
</kw>
<status status="PASS" starttime="20220321 11:57:52.874" endtime="20220321 11:57:53.041"/>
</kw>
<kw name="Clear Storage" library="cad" type="TEARDOWN">
<kw name="LocalStorage Clear" library="Browser">
<tag>PageContent</tag>
<tag>Setter</tag>
<doc>Remove all saved data from the local storage.</doc>
<msg timestamp="20220321 11:57:53.086" level="INFO"/>
<status status="PASS" starttime="20220321 11:57:53.043" endtime="20220321 11:57:53.086"/>
</kw>
<kw name="Take Screenshot" library="Browser">
<tag>PageContent</tag>
<doc>Takes a screenshot of the current window or element and saves it to disk.</doc>
<msg timestamp="20220321 11:57:53.476" level="INFO" html="true">&lt;/td&gt;&lt;/tr&gt;&lt;tr&gt;&lt;td colspan="3"&gt;&lt;a href="browser/screenshot/robotframework-browser-screenshot-10.png"&gt;&lt;img src="browser/screenshot/robotframework-browser-screenshot-10.png" width="800px"&gt;&lt;/a&gt;</msg>
<status status="PASS" starttime="20220321 11:57:53.087" endtime="20220321 11:57:53.476"/>
</kw>
<status status="PASS" starttime="20220321 11:57:53.042" endtime="20220321 11:57:53.476"/>
</kw>
<status status="PASS" starttime="20220321 11:57:49.435" endtime="20220321 11:57:53.477"/>
</test>
<test id="s1-t11" name="Cenário: Tentar cadastrar usuário bebê">
<kw name="cad.Go To Page" library="cad">
<kw name="Go To" library="Browser">
<arg>https://bodytest-web-drakke.herokuapp.com/</arg>
<tag>BrowserControl</tag>
<tag>Setter</tag>
<doc>Navigates to the given ``url``.</doc>
<msg timestamp="20220321 11:57:54.620" level="INFO">Successfully opened URL https://bodytest-web-drakke.herokuapp.com/</msg>
<status status="PASS" starttime="20220321 11:57:53.533" endtime="20220321 11:57:54.621"/>
</kw>
<status status="PASS" starttime="20220321 11:57:53.532" endtime="20220321 11:57:54.621"/>
</kw>
<kw name="cad.Acceso" library="cad">
<arg>admin@bodytest.com</arg>
<arg>pwd123</arg>
<kw name="Fill Text" library="Browser">
<arg>css=#email</arg>
<arg>${email}</arg>
<tag>PageContent</tag>
<tag>Setter</tag>
<doc>Clears and fills the given ``txt`` into the text field found by ``selector``.</doc>
<msg timestamp="20220321 11:57:54.625" level="INFO">Fills the text 'admin@bodytest.com' in the given field.</msg>
<status status="PASS" starttime="20220321 11:57:54.623" endtime="20220321 11:57:54.806"/>
</kw>
<kw name="Fill Text" library="Browser">
<arg>css=#password</arg>
<arg>${pass}</arg>
<tag>PageContent</tag>
<tag>Setter</tag>
<doc>Clears and fills the given ``txt`` into the text field found by ``selector``.</doc>
<msg timestamp="20220321 11:57:54.807" level="INFO">Fills the text 'pwd123' in the given field.</msg>
<status status="PASS" starttime="20220321 11:57:54.806" endtime="20220321 11:57:54.873"/>
</kw>
<kw name="Click" library="Browser">
<arg>css=button &gt;&gt; text=Entrar</arg>
<tag>PageContent</tag>
<tag>Setter</tag>
<doc>Simulates mouse click on the element found by ``selector``.</doc>
<status status="PASS" starttime="20220321 11:57:54.874" endtime="20220321 11:57:54.977"/>
</kw>
<status status="PASS" starttime="20220321 11:57:54.622" endtime="20220321 11:57:54.977"/>
</kw>
<kw name="Click navbar" library="cad">
<arg>/alunos</arg>
<kw name="Click" library="Browser">
<arg>xpath=//a[@href="${al_pl_ma}"]</arg>
<tag>PageContent</tag>
<tag>Setter</tag>
<doc>Simulates mouse click on the element found by ``selector``.</doc>
<status status="PASS" starttime="20220321 11:57:54.978" endtime="20220321 11:57:56.022"/>
</kw>
<status status="PASS" starttime="20220321 11:57:54.978" endtime="20220321 11:57:56.022"/>
</kw>
<kw name="Click navbar" library="cad">
<arg>/alunos/new</arg>
<kw name="Click" library="Browser">
<arg>xpath=//a[@href="${al_pl_ma}"]</arg>
<tag>PageContent</tag>
<tag>Setter</tag>
<doc>Simulates mouse click on the element found by ``selector``.</doc>
<status status="PASS" starttime="20220321 11:57:56.023" endtime="20220321 11:57:56.439"/>
</kw>
<status status="PASS" starttime="20220321 11:57:56.022" endtime="20220321 11:57:56.440"/>
</kw>
<kw name="Fill Cadastro" library="cad">
<arg>Test</arg>
<arg>test@gmail.com</arg>
<arg>2</arg>
<arg>77</arg>
<arg>1.73</arg>
<kw name="Fill Text" library="Browser">
<arg>css=input[placeholder="Digite seu nome completo"]</arg>
<arg>${name}</arg>
<tag>PageContent</tag>
<tag>Setter</tag>
<doc>Clears and fills the given ``txt`` into the text field found by ``selector``.</doc>
<msg timestamp="20220321 11:57:56.443" level="INFO">Fills the text 'Test' in the given field.</msg>
<status status="PASS" starttime="20220321 11:57:56.442" endtime="20220321 11:57:56.577"/>
</kw>
<kw name="Fill Text" library="Browser">
<arg>css=input[placeholder="Digite seu endereço de e-Mail"]</arg>
<arg>${email}</arg>
<tag>PageContent</tag>
<tag>Setter</tag>
<doc>Clears and fills the given ``txt`` into the text field found by ``selector``.</doc>
<msg timestamp="20220321 11:57:56.581" level="INFO">Fills the text 'test@gmail.com' in the given field.</msg>
<status status="PASS" starttime="20220321 11:57:56.578" endtime="20220321 11:57:56.684"/>
</kw>
<kw name="Fill Text" library="Browser">
<arg>css=input[placeholder="Sua Idade"]</arg>
<arg>${age}</arg>
<tag>PageContent</tag>
<tag>Setter</tag>
<doc>Clears and fills the given ``txt`` into the text field found by ``selector``.</doc>
<msg timestamp="20220321 11:57:56.685" level="INFO">Fills the text '2' in the given field.</msg>
<status status="PASS" starttime="20220321 11:57:56.685" endtime="20220321 11:57:56.768"/>
</kw>
<kw name="Fill Text" library="Browser">
<arg>css=input[placeholder="Seu Peso"]</arg>
<arg>${weight}</arg>
<tag>PageContent</tag>
<tag>Setter</tag>
<doc>Clears and fills the given ``txt`` into the text field found by ``selector``.</doc>
<msg timestamp="20220321 11:57:56.770" level="INFO">Fills the text '77' in the given field.</msg>
<status status="PASS" starttime="20220321 11:57:56.769" endtime="20220321 11:57:56.888"/>
</kw>
<kw name="Fill Text" library="Browser">
<arg>css=input[placeholder="Sua Altura"]</arg>
<arg>${feet_tall}</arg>
<tag>PageContent</tag>
<tag>Setter</tag>
<doc>Clears and fills the given ``txt`` into the text field found by ``selector``.</doc>
<msg timestamp="20220321 11:57:56.889" level="INFO">Fills the text '1.73' in the given field.</msg>
<status status="PASS" starttime="20220321 11:57:56.888" endtime="20220321 11:57:56.983"/>
</kw>
<status status="PASS" starttime="20220321 11:57:56.441" endtime="20220321 11:57:56.984"/>
</kw>
<kw name="Click Save" library="cad">
<kw name="Click" library="Browser">
<arg>xpath=//button[text()="Salvar"]</arg>
<tag>PageContent</tag>
<tag>Setter</tag>
<doc>Simulates mouse click on the element found by ``selector``.</doc>
<status status="PASS" starttime="20220321 11:57:56.986" endtime="20220321 11:57:57.122"/>
</kw>
<status status="PASS" starttime="20220321 11:57:56.985" endtime="20220321 11:57:57.123"/>
</kw>
<kw name="Span Campo Obrigatório" library="cad">
<arg>A idade deve ser maior ou igual 14 anos</arg>
<kw name="Get Text" library="Browser">
<arg>css=span &gt;&gt; text=${span_obr}</arg>
<tag>Assertion</tag>
<tag>Getter</tag>
<tag>PageContent</tag>
<doc>Returns text attribute of the element found by ``selector``.</doc>
<status status="PASS" starttime="20220321 11:57:57.124" endtime="20220321 11:57:57.298"/>
</kw>
<status status="PASS" starttime="20220321 11:57:57.123" endtime="20220321 11:57:57.299"/>
</kw>
<kw name="Clear Storage" library="cad" type="TEARDOWN">
<kw name="LocalStorage Clear" library="Browser">
<tag>PageContent</tag>
<tag>Setter</tag>
<doc>Remove all saved data from the local storage.</doc>
<msg timestamp="20220321 11:57:57.325" level="INFO"/>
<status status="PASS" starttime="20220321 11:57:57.305" endtime="20220321 11:57:57.326"/>
</kw>
<kw name="Take Screenshot" library="Browser">
<tag>PageContent</tag>
<doc>Takes a screenshot of the current window or element and saves it to disk.</doc>
<msg timestamp="20220321 11:57:57.652" level="INFO" html="true">&lt;/td&gt;&lt;/tr&gt;&lt;tr&gt;&lt;td colspan="3"&gt;&lt;a href="browser/screenshot/robotframework-browser-screenshot-11.png"&gt;&lt;img src="browser/screenshot/robotframework-browser-screenshot-11.png" width="800px"&gt;&lt;/a&gt;</msg>
<status status="PASS" starttime="20220321 11:57:57.326" endtime="20220321 11:57:57.652"/>
</kw>
<status status="PASS" starttime="20220321 11:57:57.299" endtime="20220321 11:57:57.653"/>
</kw>
<status status="PASS" starttime="20220321 11:57:53.523" endtime="20220321 11:57:57.653"/>
</test>
<test id="s1-t12" name="Cenário: Remover cadastro de aluno">
<kw name="cad.Go To Page" library="cad">
<kw name="Go To" library="Browser">
<arg>https://bodytest-web-drakke.herokuapp.com/</arg>
<tag>BrowserControl</tag>
<tag>Setter</tag>
<doc>Navigates to the given ``url``.</doc>
<msg timestamp="20220321 11:57:58.817" level="INFO">Successfully opened URL https://bodytest-web-drakke.herokuapp.com/</msg>
<status status="PASS" starttime="20220321 11:57:57.719" endtime="20220321 11:57:58.817"/>
</kw>
<status status="PASS" starttime="20220321 11:57:57.719" endtime="20220321 11:57:58.818"/>
</kw>
<kw name="cad.Acceso" library="cad">
<arg>admin@bodytest.com</arg>
<arg>pwd123</arg>
<kw name="Fill Text" library="Browser">
<arg>css=#email</arg>
<arg>${email}</arg>
<tag>PageContent</tag>
<tag>Setter</tag>
<doc>Clears and fills the given ``txt`` into the text field found by ``selector``.</doc>
<msg timestamp="20220321 11:57:58.820" level="INFO">Fills the text 'admin@bodytest.com' in the given field.</msg>
<status status="PASS" starttime="20220321 11:57:58.819" endtime="20220321 11:57:59.003"/>
</kw>
<kw name="Fill Text" library="Browser">
<arg>css=#password</arg>
<arg>${pass}</arg>
<tag>PageContent</tag>
<tag>Setter</tag>
<doc>Clears and fills the given ``txt`` into the text field found by ``selector``.</doc>
<msg timestamp="20220321 11:57:59.004" level="INFO">Fills the text 'pwd123' in the given field.</msg>
<status status="PASS" starttime="20220321 11:57:59.004" endtime="20220321 11:57:59.088"/>
</kw>
<kw name="Click" library="Browser">
<arg>css=button &gt;&gt; text=Entrar</arg>
<tag>PageContent</tag>
<tag>Setter</tag>
<doc>Simulates mouse click on the element found by ``selector``.</doc>
<status status="PASS" starttime="20220321 11:57:59.089" endtime="20220321 11:57:59.253"/>
</kw>
<status status="PASS" starttime="20220321 11:57:58.818" endtime="20220321 11:57:59.254"/>
</kw>
<kw name="Click navbar" library="cad">
<arg>/alunos</arg>
<kw name="Click" library="Browser">
<arg>xpath=//a[@href="${al_pl_ma}"]</arg>
<tag>PageContent</tag>
<tag>Setter</tag>
<doc>Simulates mouse click on the element found by ``selector``.</doc>
<status status="PASS" starttime="20220321 11:57:59.256" endtime="20220321 11:57:59.915"/>
</kw>
<status status="PASS" starttime="20220321 11:57:59.254" endtime="20220321 11:57:59.915"/>
</kw>
<kw name="Fill Searchbox" library="cad">
<arg>Test</arg>
<kw name="Fill Text" library="Browser">
<arg>css=input[placeholder^="Buscar"]</arg>
<arg>${search}</arg>
<tag>PageContent</tag>
<tag>Setter</tag>
<doc>Clears and fills the given ``txt`` into the text field found by ``selector``.</doc>
<msg timestamp="20220321 11:57:59.922" level="INFO">Fills the text 'Test' in the given field.</msg>
<status status="PASS" starttime="20220321 11:57:59.919" endtime="20220321 11:58:00.277"/>
</kw>
<status status="PASS" starttime="20220321 11:57:59.916" endtime="20220321 11:58:00.278"/>
</kw>
<kw name="Wait For Elements State" library="Browser">
<arg>xpath=//tr//td[text()="Test"]</arg>
<arg>visible</arg>
<arg>5</arg>
<tag>PageContent</tag>
<tag>Wait</tag>
<doc>Waits for the element found by ``selector`` to satisfy state option.</doc>
<msg timestamp="20220321 11:58:01.262" level="INFO">Waited for Element with selector xpath=//tr//td[text()="Test"] at state visible</msg>
<status status="PASS" starttime="20220321 11:58:00.280" endtime="20220321 11:58:01.263"/>
</kw>
<kw name="Click" library="Browser">
<arg>css=#trash</arg>
<tag>PageContent</tag>
<tag>Setter</tag>
<doc>Simulates mouse click on the element found by ``selector``.</doc>
<status status="PASS" starttime="20220321 11:58:01.263" endtime="20220321 11:58:01.577"/>
</kw>
<kw name="Click" library="Browser">
<arg>css=button &gt;&gt; text=SIM, pode apagar!</arg>
<tag>PageContent</tag>
<tag>Setter</tag>
<doc>Simulates mouse click on the element found by ``selector``.</doc>
<status status="PASS" starttime="20220321 11:58:01.578" endtime="20220321 11:58:01.917"/>
</kw>
<kw name="cad.Wait For Toast" library="cad">
<arg>Aluno removido com sucesso.</arg>
<kw name="Wait For Elements State" library="Browser">
<arg>css=.Toastify__toast-body &gt;&gt; text=${txt_esperado}</arg>
<arg>visible</arg>
<arg>3</arg>
<tag>PageContent</tag>
<tag>Wait</tag>
<doc>Waits for the element found by ``selector`` to satisfy state option.</doc>
<msg timestamp="20220321 11:58:02.343" level="INFO">Waited for Element with selector css=.Toastify__toast-body &gt;&gt; text=Aluno removido com sucesso. at state visible</msg>
<status status="PASS" starttime="20220321 11:58:01.920" endtime="20220321 11:58:02.343"/>
</kw>
<status status="PASS" starttime="20220321 11:58:01.918" endtime="20220321 11:58:02.344"/>
</kw>
<kw name="Clear Storage" library="cad" type="TEARDOWN">
<kw name="LocalStorage Clear" library="Browser">
<tag>PageContent</tag>
<tag>Setter</tag>
<doc>Remove all saved data from the local storage.</doc>
<msg timestamp="20220321 11:58:02.367" level="INFO"/>
<status status="PASS" starttime="20220321 11:58:02.351" endtime="20220321 11:58:02.367"/>
</kw>
<kw name="Take Screenshot" library="Browser">
<tag>PageContent</tag>
<doc>Takes a screenshot of the current window or element and saves it to disk.</doc>
<msg timestamp="20220321 11:58:02.693" level="INFO" html="true">&lt;/td&gt;&lt;/tr&gt;&lt;tr&gt;&lt;td colspan="3"&gt;&lt;a href="browser/screenshot/robotframework-browser-screenshot-12.png"&gt;&lt;img src="browser/screenshot/robotframework-browser-screenshot-12.png" width="800px"&gt;&lt;/a&gt;</msg>
<status status="PASS" starttime="20220321 11:58:02.368" endtime="20220321 11:58:02.693"/>
</kw>
<status status="PASS" starttime="20220321 11:58:02.345" endtime="20220321 11:58:02.693"/>
</kw>
<status status="PASS" starttime="20220321 11:57:57.674" endtime="20220321 11:58:02.693"/>
</test>
<status status="PASS" starttime="20220321 11:56:58.336" endtime="20220321 11:58:02.728"/>
</suite>
<statistics>
<total>
<stat pass="12" fail="0" skip="0">All Tests</stat>
</total>
<tag>
</tag>
<suite>
<stat pass="12" fail="0" skip="0" id="s1" name="Cadastro">Cadastro</stat>
</suite>
</statistics>
<errors>
</errors>
</robot>
