<?xml version="1.0" encoding="UTF-8"?>
<robot generator="Robot 4.1.3 (Python 3.8.10 on linux)" generated="20220318 14:10:30.891" rpa="false" schemaversion="2">
<suite id="s1" name="Cadastro" source="/home/ingrid/robot/bodytest/cadastro.robot">
<kw name="Inicio de Sesion" library="base" type="SETUP">
<kw name="New Browser" library="Browser">
<arg>chromium</arg>
<arg>false</arg>
<tag>BrowserControl</tag>
<tag>Setter</tag>
<doc>Create a new playwright Browser with specified options.</doc>
<msg timestamp="20220318 14:10:31.915" level="INFO">{"browser": "chromium", "headless": false, "handleSIGINT": true, "handleSIGTERM": true, "handleSIGHUP": true, "timeout": 30000.0, "devtools": false, "slowMo": 0.0, "tracesDir": "/home/ingrid/robot/bodytest/logs/browser/traces/7967d7e5-74c2-4785-95be-9ffbba393f9e"}</msg>
<msg timestamp="20220318 14:10:32.726" level="INFO">Successfully created browser with options: {"browser":"chromium","headless":false,"handleSIGINT":true,"handleSIGTERM":true,"handleSIGHUP":true,"timeout":30000,"devtools":false,"slowMo":0,"tracesDir":"/home/ingrid/robot/bodytest/logs/browser/traces/7967d7e5-74c2-4785-95be-9ffbba393f9e"}</msg>
<status status="PASS" starttime="20220318 14:10:31.913" endtime="20220318 14:10:32.726"/>
</kw>
<kw name="New Page" library="Browser">
<arg>about:blank</arg>
<tag>BrowserControl</tag>
<tag>Setter</tag>
<doc>Open a new Page.</doc>
<msg timestamp="20220318 14:10:34.017" level="INFO">Successfully initialized new page object and opened url: about:blank</msg>
<msg timestamp="20220318 14:10:34.017" level="INFO">No context was open. New context was automatically opened when this page is created.</msg>
<status status="PASS" starttime="20220318 14:10:32.727" endtime="20220318 14:10:34.018"/>
</kw>
<status status="PASS" starttime="20220318 14:10:31.912" endtime="20220318 14:10:34.018"/>
</kw>
<test id="s1-t1" name="Cenário: Cadastrar novo aluno com sucesso">
<kw name="Take Screenshot" library="Browser" type="SETUP">
<tag>PageContent</tag>
<doc>Takes a screenshot of the current window or element and saves it to disk.</doc>
<msg timestamp="20220318 14:10:34.476" level="INFO" html="true">&lt;/td&gt;&lt;/tr&gt;&lt;tr&gt;&lt;td colspan="3"&gt;&lt;a href="browser/screenshot/robotframework-browser-screenshot-1.png"&gt;&lt;img src="browser/screenshot/robotframework-browser-screenshot-1.png" width="800px"&gt;&lt;/a&gt;</msg>
<status status="PASS" starttime="20220318 14:10:34.059" endtime="20220318 14:10:34.477"/>
</kw>
<kw name="cad.Go To Page" library="cad">
<kw name="Go To" library="Browser">
<arg>https://bodytest-web-drakke.herokuapp.com/</arg>
<tag>BrowserControl</tag>
<tag>Setter</tag>
<doc>Navigates to the given ``url``.</doc>
<msg timestamp="20220318 14:10:38.455" level="INFO">Successfully opened URL https://bodytest-web-drakke.herokuapp.com/</msg>
<status status="PASS" starttime="20220318 14:10:34.479" endtime="20220318 14:10:38.456"/>
</kw>
<status status="PASS" starttime="20220318 14:10:34.478" endtime="20220318 14:10:38.456"/>
</kw>
<kw name="cad.Acceso" library="cad">
<arg>admin@bodytest.com</arg>
<arg>pwd123</arg>
<kw name="Fill Text" library="Browser">
<arg>css=#email</arg>
<arg>${email}</arg>
<tag>PageContent</tag>
<tag>Setter</tag>
<doc>Clears and fills the given ``txt`` into the text field found by ``selector``.</doc>
<msg timestamp="20220318 14:10:38.462" level="INFO">Fills the text 'admin@bodytest.com' in the given field.</msg>
<status status="PASS" starttime="20220318 14:10:38.458" endtime="20220318 14:10:38.709"/>
</kw>
<kw name="Fill Text" library="Browser">
<arg>css=#password</arg>
<arg>${pass}</arg>
<tag>PageContent</tag>
<tag>Setter</tag>
<doc>Clears and fills the given ``txt`` into the text field found by ``selector``.</doc>
<msg timestamp="20220318 14:10:38.711" level="INFO">Fills the text 'pwd123' in the given field.</msg>
<status status="PASS" starttime="20220318 14:10:38.709" endtime="20220318 14:10:38.810"/>
</kw>
<kw name="Click" library="Browser">
<arg>css=button &gt;&gt; text=Entrar</arg>
<tag>PageContent</tag>
<tag>Setter</tag>
<doc>Simulates mouse click on the element found by ``selector``.</doc>
<status status="PASS" starttime="20220318 14:10:38.810" endtime="20220318 14:10:39.027"/>
</kw>
<status status="PASS" starttime="20220318 14:10:38.457" endtime="20220318 14:10:39.028"/>
</kw>
<kw name="Click" library="Browser">
<arg>xpath=//a[@href="/alunos"]</arg>
<tag>PageContent</tag>
<tag>Setter</tag>
<doc>Simulates mouse click on the element found by ``selector``.</doc>
<status status="PASS" starttime="20220318 14:10:39.028" endtime="20220318 14:10:40.119"/>
</kw>
<kw name="Click" library="Browser">
<arg>xpath=//a[@href="/alunos/new"]</arg>
<tag>PageContent</tag>
<tag>Setter</tag>
<doc>Simulates mouse click on the element found by ``selector``.</doc>
<status status="PASS" starttime="20220318 14:10:40.119" endtime="20220318 14:10:40.418"/>
</kw>
<kw name="Fill Cadastro" library="cad">
<arg>Tony Stark</arg>
<arg>tonyzinho@gmail.com</arg>
<arg>56</arg>
<arg>77</arg>
<arg>1.73</arg>
<kw name="Fill Text" library="Browser">
<arg>css=input[placeholder="Digite seu nome completo"]</arg>
<arg>${name}</arg>
<tag>PageContent</tag>
<tag>Setter</tag>
<doc>Clears and fills the given ``txt`` into the text field found by ``selector``.</doc>
<msg timestamp="20220318 14:10:40.423" level="INFO">Fills the text 'Tony Stark' in the given field.</msg>
<status status="PASS" starttime="20220318 14:10:40.422" endtime="20220318 14:10:40.581"/>
</kw>
<kw name="Fill Text" library="Browser">
<arg>css=input[placeholder="Digite seu endereço de e-Mail"]</arg>
<arg>${email}</arg>
<tag>PageContent</tag>
<tag>Setter</tag>
<doc>Clears and fills the given ``txt`` into the text field found by ``selector``.</doc>
<msg timestamp="20220318 14:10:40.582" level="INFO">Fills the text 'tonyzinho@gmail.com' in the given field.</msg>
<status status="PASS" starttime="20220318 14:10:40.581" endtime="20220318 14:10:40.732"/>
</kw>
<kw name="Fill Text" library="Browser">
<arg>css=input[placeholder="Sua Idade"]</arg>
<arg>${age}</arg>
<tag>PageContent</tag>
<tag>Setter</tag>
<doc>Clears and fills the given ``txt`` into the text field found by ``selector``.</doc>
<msg timestamp="20220318 14:10:40.733" level="INFO">Fills the text '56' in the given field.</msg>
<status status="PASS" starttime="20220318 14:10:40.732" endtime="20220318 14:10:40.864"/>
</kw>
<kw name="Fill Text" library="Browser">
<arg>css=input[placeholder="Seu Peso"]</arg>
<arg>${weight}</arg>
<tag>PageContent</tag>
<tag>Setter</tag>
<doc>Clears and fills the given ``txt`` into the text field found by ``selector``.</doc>
<msg timestamp="20220318 14:10:40.865" level="INFO">Fills the text '77' in the given field.</msg>
<status status="PASS" starttime="20220318 14:10:40.864" endtime="20220318 14:10:40.974"/>
</kw>
<kw name="Fill Text" library="Browser">
<arg>css=input[placeholder="Sua Altura"]</arg>
<arg>${feet_tall}</arg>
<tag>PageContent</tag>
<tag>Setter</tag>
<doc>Clears and fills the given ``txt`` into the text field found by ``selector``.</doc>
<msg timestamp="20220318 14:10:40.975" level="INFO">Fills the text '1.73' in the given field.</msg>
<status status="PASS" starttime="20220318 14:10:40.975" endtime="20220318 14:10:41.065"/>
</kw>
<status status="PASS" starttime="20220318 14:10:40.419" endtime="20220318 14:10:41.065"/>
</kw>
<kw name="Click" library="Browser">
<arg>xpath=//button[text()="Salvar"]</arg>
<tag>PageContent</tag>
<tag>Setter</tag>
<doc>Simulates mouse click on the element found by ``selector``.</doc>
<status status="PASS" starttime="20220318 14:10:41.066" endtime="20220318 14:10:41.231"/>
</kw>
<kw name="cad.Wait For Toast" library="cad">
<arg>Aluno cadastrado com sucesso.</arg>
<kw name="Wait For Elements State" library="Browser">
<arg>css=.Toastify__toast-body &gt;&gt; text=${txt_esperado}</arg>
<arg>visible</arg>
<arg>10</arg>
<tag>PageContent</tag>
<tag>Wait</tag>
<doc>Waits for the element found by ``selector`` to satisfy state option.</doc>
<msg timestamp="20220318 14:10:41.834" level="INFO">Waited for Element with selector css=.Toastify__toast-body &gt;&gt; text=Aluno cadastrado com sucesso. at state visible</msg>
<status status="PASS" starttime="20220318 14:10:41.236" endtime="20220318 14:10:41.835"/>
</kw>
<status status="PASS" starttime="20220318 14:10:41.234" endtime="20220318 14:10:41.839"/>
</kw>
<kw name="Clear Storage" library="cad" type="TEARDOWN">
<kw name="LocalStorage Clear" library="Browser">
<tag>PageContent</tag>
<tag>Setter</tag>
<doc>Remove all saved data from the local storage.</doc>
<msg timestamp="20220318 14:10:41.899" level="INFO"/>
<status status="PASS" starttime="20220318 14:10:41.842" endtime="20220318 14:10:41.900"/>
</kw>
<kw name="Take Screenshot" library="Browser">
<tag>PageContent</tag>
<doc>Takes a screenshot of the current window or element and saves it to disk.</doc>
<msg timestamp="20220318 14:10:42.393" level="INFO" html="true">&lt;/td&gt;&lt;/tr&gt;&lt;tr&gt;&lt;td colspan="3"&gt;&lt;a href="browser/screenshot/robotframework-browser-screenshot-2.png"&gt;&lt;img src="browser/screenshot/robotframework-browser-screenshot-2.png" width="800px"&gt;&lt;/a&gt;</msg>
<status status="PASS" starttime="20220318 14:10:41.900" endtime="20220318 14:10:42.394"/>
</kw>
<status status="PASS" starttime="20220318 14:10:41.840" endtime="20220318 14:10:42.394"/>
</kw>
<status status="PASS" starttime="20220318 14:10:34.018" endtime="20220318 14:10:42.397"/>
</test>
<test id="s1-t2" name="Cenário: Enviar formulário vazio">
<kw name="Take Screenshot" library="Browser" type="SETUP">
<tag>PageContent</tag>
<doc>Takes a screenshot of the current window or element and saves it to disk.</doc>
<msg timestamp="20220318 14:10:42.975" level="INFO" html="true">&lt;/td&gt;&lt;/tr&gt;&lt;tr&gt;&lt;td colspan="3"&gt;&lt;a href="browser/screenshot/robotframework-browser-screenshot-3.png"&gt;&lt;img src="browser/screenshot/robotframework-browser-screenshot-3.png" width="800px"&gt;&lt;/a&gt;</msg>
<status status="PASS" starttime="20220318 14:10:42.512" endtime="20220318 14:10:42.977"/>
</kw>
<kw name="cad.Go To Page" library="cad">
<kw name="Go To" library="Browser">
<arg>https://bodytest-web-drakke.herokuapp.com/</arg>
<tag>BrowserControl</tag>
<tag>Setter</tag>
<doc>Navigates to the given ``url``.</doc>
<msg timestamp="20220318 14:10:43.889" level="INFO">Successfully opened URL https://bodytest-web-drakke.herokuapp.com/</msg>
<status status="PASS" starttime="20220318 14:10:42.990" endtime="20220318 14:10:43.889"/>
</kw>
<status status="PASS" starttime="20220318 14:10:42.979" endtime="20220318 14:10:43.890"/>
</kw>
<kw name="cad.Acceso" library="cad">
<arg>admin@bodytest.com</arg>
<arg>pwd123</arg>
<kw name="Fill Text" library="Browser">
<arg>css=#email</arg>
<arg>${email}</arg>
<tag>PageContent</tag>
<tag>Setter</tag>
<doc>Clears and fills the given ``txt`` into the text field found by ``selector``.</doc>
<msg timestamp="20220318 14:10:43.894" level="INFO">Fills the text 'admin@bodytest.com' in the given field.</msg>
<status status="PASS" starttime="20220318 14:10:43.892" endtime="20220318 14:10:44.082"/>
</kw>
<kw name="Fill Text" library="Browser">
<arg>css=#password</arg>
<arg>${pass}</arg>
<tag>PageContent</tag>
<tag>Setter</tag>
<doc>Clears and fills the given ``txt`` into the text field found by ``selector``.</doc>
<msg timestamp="20220318 14:10:44.084" level="INFO">Fills the text 'pwd123' in the given field.</msg>
<status status="PASS" starttime="20220318 14:10:44.083" endtime="20220318 14:10:44.190"/>
</kw>
<kw name="Click" library="Browser">
<arg>css=button &gt;&gt; text=Entrar</arg>
<tag>PageContent</tag>
<tag>Setter</tag>
<doc>Simulates mouse click on the element found by ``selector``.</doc>
<status status="PASS" starttime="20220318 14:10:44.190" endtime="20220318 14:10:44.314"/>
</kw>
<status status="PASS" starttime="20220318 14:10:43.891" endtime="20220318 14:10:44.315"/>
</kw>
<kw name="Click" library="Browser">
<arg>xpath=//a[@href="/alunos"]</arg>
<tag>PageContent</tag>
<tag>Setter</tag>
<doc>Simulates mouse click on the element found by ``selector``.</doc>
<status status="PASS" starttime="20220318 14:10:44.315" endtime="20220318 14:10:44.860"/>
</kw>
<kw name="Click" library="Browser">
<arg>xpath=//a[@href="/alunos/new"]</arg>
<tag>PageContent</tag>
<tag>Setter</tag>
<doc>Simulates mouse click on the element found by ``selector``.</doc>
<status status="PASS" starttime="20220318 14:10:44.861" endtime="20220318 14:10:45.222"/>
</kw>
<kw name="Fill Cadastro" library="cad">
<arg>${EMPTY}</arg>
<arg>${EMPTY}</arg>
<arg>${EMPTY}</arg>
<arg>${EMPTY}</arg>
<arg>${EMPTY}</arg>
<kw name="Fill Text" library="Browser">
<arg>css=input[placeholder="Digite seu nome completo"]</arg>
<arg>${name}</arg>
<tag>PageContent</tag>
<tag>Setter</tag>
<doc>Clears and fills the given ``txt`` into the text field found by ``selector``.</doc>
<msg timestamp="20220318 14:10:45.232" level="INFO">Fills the text '' in the given field.</msg>
<status status="PASS" starttime="20220318 14:10:45.231" endtime="20220318 14:10:45.388"/>
</kw>
<kw name="Fill Text" library="Browser">
<arg>css=input[placeholder="Digite seu endereço de e-Mail"]</arg>
<arg>${email}</arg>
<tag>PageContent</tag>
<tag>Setter</tag>
<doc>Clears and fills the given ``txt`` into the text field found by ``selector``.</doc>
<msg timestamp="20220318 14:10:45.390" level="INFO">Fills the text '' in the given field.</msg>
<status status="PASS" starttime="20220318 14:10:45.389" endtime="20220318 14:10:45.481"/>
</kw>
<kw name="Fill Text" library="Browser">
<arg>css=input[placeholder="Sua Idade"]</arg>
<arg>${age}</arg>
<tag>PageContent</tag>
<tag>Setter</tag>
<doc>Clears and fills the given ``txt`` into the text field found by ``selector``.</doc>
<msg timestamp="20220318 14:10:45.483" level="INFO">Fills the text '' in the given field.</msg>
<status status="PASS" starttime="20220318 14:10:45.482" endtime="20220318 14:10:45.689"/>
</kw>
<kw name="Fill Text" library="Browser">
<arg>css=input[placeholder="Seu Peso"]</arg>
<arg>${weight}</arg>
<tag>PageContent</tag>
<tag>Setter</tag>
<doc>Clears and fills the given ``txt`` into the text field found by ``selector``.</doc>
<msg timestamp="20220318 14:10:45.691" level="INFO">Fills the text '' in the given field.</msg>
<status status="PASS" starttime="20220318 14:10:45.690" endtime="20220318 14:10:45.773"/>
</kw>
<kw name="Fill Text" library="Browser">
<arg>css=input[placeholder="Sua Altura"]</arg>
<arg>${feet_tall}</arg>
<tag>PageContent</tag>
<tag>Setter</tag>
<doc>Clears and fills the given ``txt`` into the text field found by ``selector``.</doc>
<msg timestamp="20220318 14:10:45.775" level="INFO">Fills the text '' in the given field.</msg>
<status status="PASS" starttime="20220318 14:10:45.773" endtime="20220318 14:10:45.845"/>
</kw>
<status status="PASS" starttime="20220318 14:10:45.222" endtime="20220318 14:10:45.845"/>
</kw>
<kw name="Click" library="Browser">
<arg>xpath=//button[text()="Salvar"]</arg>
<tag>PageContent</tag>
<tag>Setter</tag>
<doc>Simulates mouse click on the element found by ``selector``.</doc>
<status status="PASS" starttime="20220318 14:10:45.846" endtime="20220318 14:10:45.993"/>
</kw>
<kw name="Span Campos Obrigatório" library="cad">
<arg>Nome é obrigatório</arg>
<arg>O e-mail é obrigatório</arg>
<arg>idade é obrigatória</arg>
<arg>o peso é obrigatório</arg>
<arg>a Altura é obrigatória</arg>
<kw name="Get Text" library="Browser">
<arg>css=span &gt;&gt; text=${span_name}</arg>
<tag>Assertion</tag>
<tag>Getter</tag>
<tag>PageContent</tag>
<doc>Returns text attribute of the element found by ``selector``.</doc>
<status status="PASS" starttime="20220318 14:10:46.002" endtime="20220318 14:10:46.212"/>
</kw>
<kw name="Get Text" library="Browser">
<arg>css=span &gt;&gt; text=${span_email}</arg>
<tag>Assertion</tag>
<tag>Getter</tag>
<tag>PageContent</tag>
<doc>Returns text attribute of the element found by ``selector``.</doc>
<status status="PASS" starttime="20220318 14:10:46.213" endtime="20220318 14:10:46.312"/>
</kw>
<kw name="Get Text" library="Browser">
<arg>css=span &gt;&gt; text=${span_age}</arg>
<tag>Assertion</tag>
<tag>Getter</tag>
<tag>PageContent</tag>
<doc>Returns text attribute of the element found by ``selector``.</doc>
<status status="PASS" starttime="20220318 14:10:46.312" endtime="20220318 14:10:46.385"/>
</kw>
<kw name="Get Text" library="Browser">
<arg>css=span &gt;&gt; text=${span_weight}</arg>
<tag>Assertion</tag>
<tag>Getter</tag>
<tag>PageContent</tag>
<doc>Returns text attribute of the element found by ``selector``.</doc>
<status status="PASS" starttime="20220318 14:10:46.386" endtime="20220318 14:10:46.440"/>
</kw>
<kw name="Get Text" library="Browser">
<arg>css=span &gt;&gt; text=${span_ft}</arg>
<tag>Assertion</tag>
<tag>Getter</tag>
<tag>PageContent</tag>
<doc>Returns text attribute of the element found by ``selector``.</doc>
<status status="PASS" starttime="20220318 14:10:46.441" endtime="20220318 14:10:46.520"/>
</kw>
<status status="PASS" starttime="20220318 14:10:46.000" endtime="20220318 14:10:46.520"/>
</kw>
<kw name="Clear Storage" library="cad" type="TEARDOWN">
<kw name="LocalStorage Clear" library="Browser">
<tag>PageContent</tag>
<tag>Setter</tag>
<doc>Remove all saved data from the local storage.</doc>
<msg timestamp="20220318 14:10:46.537" level="INFO"/>
<status status="PASS" starttime="20220318 14:10:46.523" endtime="20220318 14:10:46.537"/>
</kw>
<kw name="Take Screenshot" library="Browser">
<tag>PageContent</tag>
<doc>Takes a screenshot of the current window or element and saves it to disk.</doc>
<msg timestamp="20220318 14:10:46.892" level="INFO" html="true">&lt;/td&gt;&lt;/tr&gt;&lt;tr&gt;&lt;td colspan="3"&gt;&lt;a href="browser/screenshot/robotframework-browser-screenshot-4.png"&gt;&lt;img src="browser/screenshot/robotframework-browser-screenshot-4.png" width="800px"&gt;&lt;/a&gt;</msg>
<status status="PASS" starttime="20220318 14:10:46.538" endtime="20220318 14:10:46.892"/>
</kw>
<status status="PASS" starttime="20220318 14:10:46.521" endtime="20220318 14:10:46.893"/>
</kw>
<status status="PASS" starttime="20220318 14:10:42.486" endtime="20220318 14:10:46.896"/>
</test>
<test id="s1-t3" name="Cenário: Tentar cadastrar novo aluno sem nome">
<kw name="Take Screenshot" library="Browser" type="SETUP">
<tag>PageContent</tag>
<doc>Takes a screenshot of the current window or element and saves it to disk.</doc>
<msg timestamp="20220318 14:10:47.353" level="INFO" html="true">&lt;/td&gt;&lt;/tr&gt;&lt;tr&gt;&lt;td colspan="3"&gt;&lt;a href="browser/screenshot/robotframework-browser-screenshot-5.png"&gt;&lt;img src="browser/screenshot/robotframework-browser-screenshot-5.png" width="800px"&gt;&lt;/a&gt;</msg>
<status status="PASS" starttime="20220318 14:10:46.984" endtime="20220318 14:10:47.354"/>
</kw>
<kw name="cad.Go To Page" library="cad">
<kw name="Go To" library="Browser">
<arg>https://bodytest-web-drakke.herokuapp.com/</arg>
<tag>BrowserControl</tag>
<tag>Setter</tag>
<doc>Navigates to the given ``url``.</doc>
<msg timestamp="20220318 14:10:48.087" level="INFO">Successfully opened URL https://bodytest-web-drakke.herokuapp.com/</msg>
<status status="PASS" starttime="20220318 14:10:47.355" endtime="20220318 14:10:48.087"/>
</kw>
<status status="PASS" starttime="20220318 14:10:47.354" endtime="20220318 14:10:48.088"/>
</kw>
<kw name="cad.Acceso" library="cad">
<arg>admin@bodytest.com</arg>
<arg>pwd123</arg>
<kw name="Fill Text" library="Browser">
<arg>css=#email</arg>
<arg>${email}</arg>
<tag>PageContent</tag>
<tag>Setter</tag>
<doc>Clears and fills the given ``txt`` into the text field found by ``selector``.</doc>
<msg timestamp="20220318 14:10:48.089" level="INFO">Fills the text 'admin@bodytest.com' in the given field.</msg>
<status status="PASS" starttime="20220318 14:10:48.089" endtime="20220318 14:10:48.225"/>
</kw>
<kw name="Fill Text" library="Browser">
<arg>css=#password</arg>
<arg>${pass}</arg>
<tag>PageContent</tag>
<tag>Setter</tag>
<doc>Clears and fills the given ``txt`` into the text field found by ``selector``.</doc>
<msg timestamp="20220318 14:10:48.226" level="INFO">Fills the text 'pwd123' in the given field.</msg>
<status status="PASS" starttime="20220318 14:10:48.226" endtime="20220318 14:10:48.293"/>
</kw>
<kw name="Click" library="Browser">
<arg>css=button &gt;&gt; text=Entrar</arg>
<tag>PageContent</tag>
<tag>Setter</tag>
<doc>Simulates mouse click on the element found by ``selector``.</doc>
<status status="PASS" starttime="20220318 14:10:48.293" endtime="20220318 14:10:48.414"/>
</kw>
<status status="PASS" starttime="20220318 14:10:48.088" endtime="20220318 14:10:48.414"/>
</kw>
<kw name="Click" library="Browser">
<arg>xpath=//a[@href="/alunos"]</arg>
<tag>PageContent</tag>
<tag>Setter</tag>
<doc>Simulates mouse click on the element found by ``selector``.</doc>
<status status="PASS" starttime="20220318 14:10:48.415" endtime="20220318 14:10:48.954"/>
</kw>
<kw name="Click" library="Browser">
<arg>xpath=//a[@href="/alunos/new"]</arg>
<tag>PageContent</tag>
<tag>Setter</tag>
<doc>Simulates mouse click on the element found by ``selector``.</doc>
<status status="PASS" starttime="20220318 14:10:48.954" endtime="20220318 14:10:49.312"/>
</kw>
<kw name="Fill Cadastro" library="cad">
<arg>${EMPTY}</arg>
<arg>tonyzinho@gmail.com</arg>
<arg>56</arg>
<arg>77</arg>
<arg>1.73</arg>
<kw name="Fill Text" library="Browser">
<arg>css=input[placeholder="Digite seu nome completo"]</arg>
<arg>${name}</arg>
<tag>PageContent</tag>
<tag>Setter</tag>
<doc>Clears and fills the given ``txt`` into the text field found by ``selector``.</doc>
<msg timestamp="20220318 14:10:49.320" level="INFO">Fills the text '' in the given field.</msg>
<status status="PASS" starttime="20220318 14:10:49.319" endtime="20220318 14:10:49.427"/>
</kw>
<kw name="Fill Text" library="Browser">
<arg>css=input[placeholder="Digite seu endereço de e-Mail"]</arg>
<arg>${email}</arg>
<tag>PageContent</tag>
<tag>Setter</tag>
<doc>Clears and fills the given ``txt`` into the text field found by ``selector``.</doc>
<msg timestamp="20220318 14:10:49.428" level="INFO">Fills the text 'tonyzinho@gmail.com' in the given field.</msg>
<status status="PASS" starttime="20220318 14:10:49.427" endtime="20220318 14:10:49.500"/>
</kw>
<kw name="Fill Text" library="Browser">
<arg>css=input[placeholder="Sua Idade"]</arg>
<arg>${age}</arg>
<tag>PageContent</tag>
<tag>Setter</tag>
<doc>Clears and fills the given ``txt`` into the text field found by ``selector``.</doc>
<msg timestamp="20220318 14:10:49.501" level="INFO">Fills the text '56' in the given field.</msg>
<status status="PASS" starttime="20220318 14:10:49.500" endtime="20220318 14:10:49.567"/>
</kw>
<kw name="Fill Text" library="Browser">
<arg>css=input[placeholder="Seu Peso"]</arg>
<arg>${weight}</arg>
<tag>PageContent</tag>
<tag>Setter</tag>
<doc>Clears and fills the given ``txt`` into the text field found by ``selector``.</doc>
<msg timestamp="20220318 14:10:49.569" level="INFO">Fills the text '77' in the given field.</msg>
<status status="PASS" starttime="20220318 14:10:49.568" endtime="20220318 14:10:49.673"/>
</kw>
<kw name="Fill Text" library="Browser">
<arg>css=input[placeholder="Sua Altura"]</arg>
<arg>${feet_tall}</arg>
<tag>PageContent</tag>
<tag>Setter</tag>
<doc>Clears and fills the given ``txt`` into the text field found by ``selector``.</doc>
<msg timestamp="20220318 14:10:49.679" level="INFO">Fills the text '1.73' in the given field.</msg>
<status status="PASS" starttime="20220318 14:10:49.674" endtime="20220318 14:10:49.764"/>
</kw>
<status status="PASS" starttime="20220318 14:10:49.313" endtime="20220318 14:10:49.765"/>
</kw>
<kw name="Click" library="Browser">
<arg>xpath=//button[text()="Salvar"]</arg>
<tag>PageContent</tag>
<tag>Setter</tag>
<doc>Simulates mouse click on the element found by ``selector``.</doc>
<status status="PASS" starttime="20220318 14:10:49.765" endtime="20220318 14:10:49.888"/>
</kw>
<kw name="Span Campo Obrigatório" library="cad">
<arg>Nome é obrigatório</arg>
<kw name="Get Text" library="Browser">
<arg>css=span &gt;&gt; text=${span_obr}</arg>
<tag>Assertion</tag>
<tag>Getter</tag>
<tag>PageContent</tag>
<doc>Returns text attribute of the element found by ``selector``.</doc>
<status status="PASS" starttime="20220318 14:10:49.889" endtime="20220318 14:10:50.176"/>
</kw>
<status status="PASS" starttime="20220318 14:10:49.888" endtime="20220318 14:10:50.177"/>
</kw>
<kw name="Clear Storage" library="cad" type="TEARDOWN">
<kw name="LocalStorage Clear" library="Browser">
<tag>PageContent</tag>
<tag>Setter</tag>
<doc>Remove all saved data from the local storage.</doc>
<msg timestamp="20220318 14:10:50.195" level="INFO"/>
<status status="PASS" starttime="20220318 14:10:50.179" endtime="20220318 14:10:50.195"/>
</kw>
<kw name="Take Screenshot" library="Browser">
<tag>PageContent</tag>
<doc>Takes a screenshot of the current window or element and saves it to disk.</doc>
<msg timestamp="20220318 14:10:50.556" level="INFO" html="true">&lt;/td&gt;&lt;/tr&gt;&lt;tr&gt;&lt;td colspan="3"&gt;&lt;a href="browser/screenshot/robotframework-browser-screenshot-6.png"&gt;&lt;img src="browser/screenshot/robotframework-browser-screenshot-6.png" width="800px"&gt;&lt;/a&gt;</msg>
<status status="PASS" starttime="20220318 14:10:50.196" endtime="20220318 14:10:50.557"/>
</kw>
<status status="PASS" starttime="20220318 14:10:50.178" endtime="20220318 14:10:50.557"/>
</kw>
<status status="PASS" starttime="20220318 14:10:46.964" endtime="20220318 14:10:50.558"/>
</test>
<test id="s1-t4" name="Cenário: Tentar cadastrar novo aluno sem email">
<kw name="Take Screenshot" library="Browser" type="SETUP">
<tag>PageContent</tag>
<doc>Takes a screenshot of the current window or element and saves it to disk.</doc>
<msg timestamp="20220318 14:10:50.984" level="INFO" html="true">&lt;/td&gt;&lt;/tr&gt;&lt;tr&gt;&lt;td colspan="3"&gt;&lt;a href="browser/screenshot/robotframework-browser-screenshot-7.png"&gt;&lt;img src="browser/screenshot/robotframework-browser-screenshot-7.png" width="800px"&gt;&lt;/a&gt;</msg>
<status status="PASS" starttime="20220318 14:10:50.615" endtime="20220318 14:10:50.984"/>
</kw>
<kw name="cad.Go To Page" library="cad">
<kw name="Go To" library="Browser">
<arg>https://bodytest-web-drakke.herokuapp.com/</arg>
<tag>BrowserControl</tag>
<tag>Setter</tag>
<doc>Navigates to the given ``url``.</doc>
<msg timestamp="20220318 14:10:51.695" level="INFO">Successfully opened URL https://bodytest-web-drakke.herokuapp.com/</msg>
<status status="PASS" starttime="20220318 14:10:50.986" endtime="20220318 14:10:51.696"/>
</kw>
<status status="PASS" starttime="20220318 14:10:50.985" endtime="20220318 14:10:51.696"/>
</kw>
<kw name="cad.Acceso" library="cad">
<arg>admin@bodytest.com</arg>
<arg>pwd123</arg>
<kw name="Fill Text" library="Browser">
<arg>css=#email</arg>
<arg>${email}</arg>
<tag>PageContent</tag>
<tag>Setter</tag>
<doc>Clears and fills the given ``txt`` into the text field found by ``selector``.</doc>
<msg timestamp="20220318 14:10:51.698" level="INFO">Fills the text 'admin@bodytest.com' in the given field.</msg>
<status status="PASS" starttime="20220318 14:10:51.698" endtime="20220318 14:10:51.881"/>
</kw>
<kw name="Fill Text" library="Browser">
<arg>css=#password</arg>
<arg>${pass}</arg>
<tag>PageContent</tag>
<tag>Setter</tag>
<doc>Clears and fills the given ``txt`` into the text field found by ``selector``.</doc>
<msg timestamp="20220318 14:10:51.882" level="INFO">Fills the text 'pwd123' in the given field.</msg>
<status status="PASS" starttime="20220318 14:10:51.881" endtime="20220318 14:10:51.955"/>
</kw>
<kw name="Click" library="Browser">
<arg>css=button &gt;&gt; text=Entrar</arg>
<tag>PageContent</tag>
<tag>Setter</tag>
<doc>Simulates mouse click on the element found by ``selector``.</doc>
<status status="PASS" starttime="20220318 14:10:51.955" endtime="20220318 14:10:52.094"/>
</kw>
<status status="PASS" starttime="20220318 14:10:51.697" endtime="20220318 14:10:52.094"/>
</kw>
<kw name="Click" library="Browser">
<arg>xpath=//a[@href="/alunos"]</arg>
<tag>PageContent</tag>
<tag>Setter</tag>
<doc>Simulates mouse click on the element found by ``selector``.</doc>
<status status="PASS" starttime="20220318 14:10:52.096" endtime="20220318 14:10:52.542"/>
</kw>
<kw name="Click" library="Browser">
<arg>xpath=//a[@href="/alunos/new"]</arg>
<tag>PageContent</tag>
<tag>Setter</tag>
<doc>Simulates mouse click on the element found by ``selector``.</doc>
<status status="PASS" starttime="20220318 14:10:52.543" endtime="20220318 14:10:52.832"/>
</kw>
<kw name="Fill Cadastro" library="cad">
<arg>Tony Stark</arg>
<arg>${EMPTY}</arg>
<arg>56</arg>
<arg>77</arg>
<arg>1.73</arg>
<kw name="Fill Text" library="Browser">
<arg>css=input[placeholder="Digite seu nome completo"]</arg>
<arg>${name}</arg>
<tag>PageContent</tag>
<tag>Setter</tag>
<doc>Clears and fills the given ``txt`` into the text field found by ``selector``.</doc>
<msg timestamp="20220318 14:10:52.844" level="INFO">Fills the text 'Tony Stark' in the given field.</msg>
<status status="PASS" starttime="20220318 14:10:52.835" endtime="20220318 14:10:52.941"/>
</kw>
<kw name="Fill Text" library="Browser">
<arg>css=input[placeholder="Digite seu endereço de e-Mail"]</arg>
<arg>${email}</arg>
<tag>PageContent</tag>
<tag>Setter</tag>
<doc>Clears and fills the given ``txt`` into the text field found by ``selector``.</doc>
<msg timestamp="20220318 14:10:52.942" level="INFO">Fills the text '' in the given field.</msg>
<status status="PASS" starttime="20220318 14:10:52.942" endtime="20220318 14:10:53.021"/>
</kw>
<kw name="Fill Text" library="Browser">
<arg>css=input[placeholder="Sua Idade"]</arg>
<arg>${age}</arg>
<tag>PageContent</tag>
<tag>Setter</tag>
<doc>Clears and fills the given ``txt`` into the text field found by ``selector``.</doc>
<msg timestamp="20220318 14:10:53.024" level="INFO">Fills the text '56' in the given field.</msg>
<status status="PASS" starttime="20220318 14:10:53.022" endtime="20220318 14:10:53.102"/>
</kw>
<kw name="Fill Text" library="Browser">
<arg>css=input[placeholder="Seu Peso"]</arg>
<arg>${weight}</arg>
<tag>PageContent</tag>
<tag>Setter</tag>
<doc>Clears and fills the given ``txt`` into the text field found by ``selector``.</doc>
<msg timestamp="20220318 14:10:53.103" level="INFO">Fills the text '77' in the given field.</msg>
<status status="PASS" starttime="20220318 14:10:53.102" endtime="20220318 14:10:53.197"/>
</kw>
<kw name="Fill Text" library="Browser">
<arg>css=input[placeholder="Sua Altura"]</arg>
<arg>${feet_tall}</arg>
<tag>PageContent</tag>
<tag>Setter</tag>
<doc>Clears and fills the given ``txt`` into the text field found by ``selector``.</doc>
<msg timestamp="20220318 14:10:53.198" level="INFO">Fills the text '1.73' in the given field.</msg>
<status status="PASS" starttime="20220318 14:10:53.197" endtime="20220318 14:10:53.305"/>
</kw>
<status status="PASS" starttime="20220318 14:10:52.832" endtime="20220318 14:10:53.305"/>
</kw>
<kw name="Click" library="Browser">
<arg>xpath=//button[text()="Salvar"]</arg>
<tag>PageContent</tag>
<tag>Setter</tag>
<doc>Simulates mouse click on the element found by ``selector``.</doc>
<status status="PASS" starttime="20220318 14:10:53.306" endtime="20220318 14:10:53.458"/>
</kw>
<kw name="Span Campo Obrigatório" library="cad">
<arg>O e-mail é obrigatório</arg>
<kw name="Get Text" library="Browser">
<arg>css=span &gt;&gt; text=${span_obr}</arg>
<tag>Assertion</tag>
<tag>Getter</tag>
<tag>PageContent</tag>
<doc>Returns text attribute of the element found by ``selector``.</doc>
<status status="PASS" starttime="20220318 14:10:53.462" endtime="20220318 14:10:53.632"/>
</kw>
<status status="PASS" starttime="20220318 14:10:53.459" endtime="20220318 14:10:53.632"/>
</kw>
<kw name="Clear Storage" library="cad" type="TEARDOWN">
<kw name="LocalStorage Clear" library="Browser">
<tag>PageContent</tag>
<tag>Setter</tag>
<doc>Remove all saved data from the local storage.</doc>
<msg timestamp="20220318 14:10:53.660" level="INFO"/>
<status status="PASS" starttime="20220318 14:10:53.637" endtime="20220318 14:10:53.660"/>
</kw>
<kw name="Take Screenshot" library="Browser">
<tag>PageContent</tag>
<doc>Takes a screenshot of the current window or element and saves it to disk.</doc>
<msg timestamp="20220318 14:10:53.960" level="INFO" html="true">&lt;/td&gt;&lt;/tr&gt;&lt;tr&gt;&lt;td colspan="3"&gt;&lt;a href="browser/screenshot/robotframework-browser-screenshot-8.png"&gt;&lt;img src="browser/screenshot/robotframework-browser-screenshot-8.png" width="800px"&gt;&lt;/a&gt;</msg>
<status status="PASS" starttime="20220318 14:10:53.661" endtime="20220318 14:10:53.960"/>
</kw>
<status status="PASS" starttime="20220318 14:10:53.635" endtime="20220318 14:10:53.961"/>
</kw>
<status status="PASS" starttime="20220318 14:10:50.598" endtime="20220318 14:10:53.962"/>
</test>
<test id="s1-t5" name="Cenário: Tentar cadastrar novo aluno sem idade">
<kw name="Take Screenshot" library="Browser" type="SETUP">
<tag>PageContent</tag>
<doc>Takes a screenshot of the current window or element and saves it to disk.</doc>
<msg timestamp="20220318 14:10:54.321" level="INFO" html="true">&lt;/td&gt;&lt;/tr&gt;&lt;tr&gt;&lt;td colspan="3"&gt;&lt;a href="browser/screenshot/robotframework-browser-screenshot-9.png"&gt;&lt;img src="browser/screenshot/robotframework-browser-screenshot-9.png" width="800px"&gt;&lt;/a&gt;</msg>
<status status="PASS" starttime="20220318 14:10:54.028" endtime="20220318 14:10:54.321"/>
</kw>
<kw name="cad.Go To Page" library="cad">
<kw name="Go To" library="Browser">
<arg>https://bodytest-web-drakke.herokuapp.com/</arg>
<tag>BrowserControl</tag>
<tag>Setter</tag>
<doc>Navigates to the given ``url``.</doc>
<msg timestamp="20220318 14:10:55.190" level="INFO">Successfully opened URL https://bodytest-web-drakke.herokuapp.com/</msg>
<status status="PASS" starttime="20220318 14:10:54.333" endtime="20220318 14:10:55.190"/>
</kw>
<status status="PASS" starttime="20220318 14:10:54.323" endtime="20220318 14:10:55.191"/>
</kw>
<kw name="cad.Acceso" library="cad">
<arg>admin@bodytest.com</arg>
<arg>pwd123</arg>
<kw name="Fill Text" library="Browser">
<arg>css=#email</arg>
<arg>${email}</arg>
<tag>PageContent</tag>
<tag>Setter</tag>
<doc>Clears and fills the given ``txt`` into the text field found by ``selector``.</doc>
<msg timestamp="20220318 14:10:55.200" level="INFO">Fills the text 'admin@bodytest.com' in the given field.</msg>
<status status="PASS" starttime="20220318 14:10:55.195" endtime="20220318 14:10:55.380"/>
</kw>
<kw name="Fill Text" library="Browser">
<arg>css=#password</arg>
<arg>${pass}</arg>
<tag>PageContent</tag>
<tag>Setter</tag>
<doc>Clears and fills the given ``txt`` into the text field found by ``selector``.</doc>
<msg timestamp="20220318 14:10:55.381" level="INFO">Fills the text 'pwd123' in the given field.</msg>
<status status="PASS" starttime="20220318 14:10:55.381" endtime="20220318 14:10:55.500"/>
</kw>
<kw name="Click" library="Browser">
<arg>css=button &gt;&gt; text=Entrar</arg>
<tag>PageContent</tag>
<tag>Setter</tag>
<doc>Simulates mouse click on the element found by ``selector``.</doc>
<status status="PASS" starttime="20220318 14:10:55.501" endtime="20220318 14:10:55.702"/>
</kw>
<status status="PASS" starttime="20220318 14:10:55.191" endtime="20220318 14:10:55.703"/>
</kw>
<kw name="Click" library="Browser">
<arg>xpath=//a[@href="/alunos"]</arg>
<tag>PageContent</tag>
<tag>Setter</tag>
<doc>Simulates mouse click on the element found by ``selector``.</doc>
<status status="PASS" starttime="20220318 14:10:55.705" endtime="20220318 14:10:56.379"/>
</kw>
<kw name="Click" library="Browser">
<arg>xpath=//a[@href="/alunos/new"]</arg>
<tag>PageContent</tag>
<tag>Setter</tag>
<doc>Simulates mouse click on the element found by ``selector``.</doc>
<status status="PASS" starttime="20220318 14:10:56.379" endtime="20220318 14:10:56.879"/>
</kw>
<kw name="Fill Cadastro" library="cad">
<arg>Tony Stark</arg>
<arg>tonyzinho@gmail.com</arg>
<arg>${EMPTY}</arg>
<arg>77</arg>
<arg>1.73</arg>
<kw name="Fill Text" library="Browser">
<arg>css=input[placeholder="Digite seu nome completo"]</arg>
<arg>${name}</arg>
<tag>PageContent</tag>
<tag>Setter</tag>
<doc>Clears and fills the given ``txt`` into the text field found by ``selector``.</doc>
<msg timestamp="20220318 14:10:56.891" level="INFO">Fills the text 'Tony Stark' in the given field.</msg>
<status status="PASS" starttime="20220318 14:10:56.884" endtime="20220318 14:10:56.999"/>
</kw>
<kw name="Fill Text" library="Browser">
<arg>css=input[placeholder="Digite seu endereço de e-Mail"]</arg>
<arg>${email}</arg>
<tag>PageContent</tag>
<tag>Setter</tag>
<doc>Clears and fills the given ``txt`` into the text field found by ``selector``.</doc>
<msg timestamp="20220318 14:10:57.000" level="INFO">Fills the text 'tonyzinho@gmail.com' in the given field.</msg>
<status status="PASS" starttime="20220318 14:10:56.999" endtime="20220318 14:10:57.085"/>
</kw>
<kw name="Fill Text" library="Browser">
<arg>css=input[placeholder="Sua Idade"]</arg>
<arg>${age}</arg>
<tag>PageContent</tag>
<tag>Setter</tag>
<doc>Clears and fills the given ``txt`` into the text field found by ``selector``.</doc>
<msg timestamp="20220318 14:10:57.086" level="INFO">Fills the text '' in the given field.</msg>
<status status="PASS" starttime="20220318 14:10:57.086" endtime="20220318 14:10:57.197"/>
</kw>
<kw name="Fill Text" library="Browser">
<arg>css=input[placeholder="Seu Peso"]</arg>
<arg>${weight}</arg>
<tag>PageContent</tag>
<tag>Setter</tag>
<doc>Clears and fills the given ``txt`` into the text field found by ``selector``.</doc>
<msg timestamp="20220318 14:10:57.199" level="INFO">Fills the text '77' in the given field.</msg>
<status status="PASS" starttime="20220318 14:10:57.198" endtime="20220318 14:10:57.277"/>
</kw>
<kw name="Fill Text" library="Browser">
<arg>css=input[placeholder="Sua Altura"]</arg>
<arg>${feet_tall}</arg>
<tag>PageContent</tag>
<tag>Setter</tag>
<doc>Clears and fills the given ``txt`` into the text field found by ``selector``.</doc>
<msg timestamp="20220318 14:10:57.278" level="INFO">Fills the text '1.73' in the given field.</msg>
<status status="PASS" starttime="20220318 14:10:57.277" endtime="20220318 14:10:57.363"/>
</kw>
<status status="PASS" starttime="20220318 14:10:56.880" endtime="20220318 14:10:57.364"/>
</kw>
<kw name="Click" library="Browser">
<arg>xpath=//button[text()="Salvar"]</arg>
<tag>PageContent</tag>
<tag>Setter</tag>
<doc>Simulates mouse click on the element found by ``selector``.</doc>
<status status="PASS" starttime="20220318 14:10:57.364" endtime="20220318 14:10:57.534"/>
</kw>
<kw name="Span Campo Obrigatório" library="cad">
<arg>idade é obrigatória</arg>
<kw name="Get Text" library="Browser">
<arg>css=span &gt;&gt; text=${span_obr}</arg>
<tag>Assertion</tag>
<tag>Getter</tag>
<tag>PageContent</tag>
<doc>Returns text attribute of the element found by ``selector``.</doc>
<status status="PASS" starttime="20220318 14:10:57.536" endtime="20220318 14:10:57.794"/>
</kw>
<status status="PASS" starttime="20220318 14:10:57.535" endtime="20220318 14:10:57.794"/>
</kw>
<kw name="Clear Storage" library="cad" type="TEARDOWN">
<kw name="LocalStorage Clear" library="Browser">
<tag>PageContent</tag>
<tag>Setter</tag>
<doc>Remove all saved data from the local storage.</doc>
<msg timestamp="20220318 14:10:57.820" level="INFO"/>
<status status="PASS" starttime="20220318 14:10:57.807" endtime="20220318 14:10:57.820"/>
</kw>
<kw name="Take Screenshot" library="Browser">
<tag>PageContent</tag>
<doc>Takes a screenshot of the current window or element and saves it to disk.</doc>
<msg timestamp="20220318 14:10:58.133" level="INFO" html="true">&lt;/td&gt;&lt;/tr&gt;&lt;tr&gt;&lt;td colspan="3"&gt;&lt;a href="browser/screenshot/robotframework-browser-screenshot-10.png"&gt;&lt;img src="browser/screenshot/robotframework-browser-screenshot-10.png" width="800px"&gt;&lt;/a&gt;</msg>
<status status="PASS" starttime="20220318 14:10:57.820" endtime="20220318 14:10:58.133"/>
</kw>
<status status="PASS" starttime="20220318 14:10:57.795" endtime="20220318 14:10:58.134"/>
</kw>
<status status="PASS" starttime="20220318 14:10:54.012" endtime="20220318 14:10:58.134"/>
</test>
<test id="s1-t6" name="Cenário: Tentar cadastrar novo aluno sem peso">
<kw name="Take Screenshot" library="Browser" type="SETUP">
<tag>PageContent</tag>
<doc>Takes a screenshot of the current window or element and saves it to disk.</doc>
<msg timestamp="20220318 14:10:58.617" level="INFO" html="true">&lt;/td&gt;&lt;/tr&gt;&lt;tr&gt;&lt;td colspan="3"&gt;&lt;a href="browser/screenshot/robotframework-browser-screenshot-11.png"&gt;&lt;img src="browser/screenshot/robotframework-browser-screenshot-11.png" width="800px"&gt;&lt;/a&gt;</msg>
<status status="PASS" starttime="20220318 14:10:58.207" endtime="20220318 14:10:58.617"/>
</kw>
<kw name="cad.Go To Page" library="cad">
<kw name="Go To" library="Browser">
<arg>https://bodytest-web-drakke.herokuapp.com/</arg>
<tag>BrowserControl</tag>
<tag>Setter</tag>
<doc>Navigates to the given ``url``.</doc>
<msg timestamp="20220318 14:10:59.579" level="INFO">Successfully opened URL https://bodytest-web-drakke.herokuapp.com/</msg>
<status status="PASS" starttime="20220318 14:10:58.619" endtime="20220318 14:10:59.579"/>
</kw>
<status status="PASS" starttime="20220318 14:10:58.617" endtime="20220318 14:10:59.580"/>
</kw>
<kw name="cad.Acceso" library="cad">
<arg>admin@bodytest.com</arg>
<arg>pwd123</arg>
<kw name="Fill Text" library="Browser">
<arg>css=#email</arg>
<arg>${email}</arg>
<tag>PageContent</tag>
<tag>Setter</tag>
<doc>Clears and fills the given ``txt`` into the text field found by ``selector``.</doc>
<msg timestamp="20220318 14:10:59.587" level="INFO">Fills the text 'admin@bodytest.com' in the given field.</msg>
<status status="PASS" starttime="20220318 14:10:59.585" endtime="20220318 14:10:59.764"/>
</kw>
<kw name="Fill Text" library="Browser">
<arg>css=#password</arg>
<arg>${pass}</arg>
<tag>PageContent</tag>
<tag>Setter</tag>
<doc>Clears and fills the given ``txt`` into the text field found by ``selector``.</doc>
<msg timestamp="20220318 14:10:59.766" level="INFO">Fills the text 'pwd123' in the given field.</msg>
<status status="PASS" starttime="20220318 14:10:59.765" endtime="20220318 14:10:59.834"/>
</kw>
<kw name="Click" library="Browser">
<arg>css=button &gt;&gt; text=Entrar</arg>
<tag>PageContent</tag>
<tag>Setter</tag>
<doc>Simulates mouse click on the element found by ``selector``.</doc>
<status status="PASS" starttime="20220318 14:10:59.834" endtime="20220318 14:10:59.977"/>
</kw>
<status status="PASS" starttime="20220318 14:10:59.583" endtime="20220318 14:10:59.977"/>
</kw>
<kw name="Click" library="Browser">
<arg>xpath=//a[@href="/alunos"]</arg>
<tag>PageContent</tag>
<tag>Setter</tag>
<doc>Simulates mouse click on the element found by ``selector``.</doc>
<status status="PASS" starttime="20220318 14:10:59.980" endtime="20220318 14:11:00.502"/>
</kw>
<kw name="Click" library="Browser">
<arg>xpath=//a[@href="/alunos/new"]</arg>
<tag>PageContent</tag>
<tag>Setter</tag>
<doc>Simulates mouse click on the element found by ``selector``.</doc>
<status status="PASS" starttime="20220318 14:11:00.502" endtime="20220318 14:11:01.182"/>
</kw>
<kw name="Fill Cadastro" library="cad">
<arg>Tony Stark</arg>
<arg>tonyzinho@gmail.com</arg>
<arg>56</arg>
<arg>${EMPTY}</arg>
<arg>1.73</arg>
<kw name="Fill Text" library="Browser">
<arg>css=input[placeholder="Digite seu nome completo"]</arg>
<arg>${name}</arg>
<tag>PageContent</tag>
<tag>Setter</tag>
<doc>Clears and fills the given ``txt`` into the text field found by ``selector``.</doc>
<msg timestamp="20220318 14:11:01.186" level="INFO">Fills the text 'Tony Stark' in the given field.</msg>
<status status="PASS" starttime="20220318 14:11:01.186" endtime="20220318 14:11:01.305"/>
</kw>
<kw name="Fill Text" library="Browser">
<arg>css=input[placeholder="Digite seu endereço de e-Mail"]</arg>
<arg>${email}</arg>
<tag>PageContent</tag>
<tag>Setter</tag>
<doc>Clears and fills the given ``txt`` into the text field found by ``selector``.</doc>
<msg timestamp="20220318 14:11:01.307" level="INFO">Fills the text 'tonyzinho@gmail.com' in the given field.</msg>
<status status="PASS" starttime="20220318 14:11:01.306" endtime="20220318 14:11:01.393"/>
</kw>
<kw name="Fill Text" library="Browser">
<arg>css=input[placeholder="Sua Idade"]</arg>
<arg>${age}</arg>
<tag>PageContent</tag>
<tag>Setter</tag>
<doc>Clears and fills the given ``txt`` into the text field found by ``selector``.</doc>
<msg timestamp="20220318 14:11:01.394" level="INFO">Fills the text '56' in the given field.</msg>
<status status="PASS" starttime="20220318 14:11:01.393" endtime="20220318 14:11:01.487"/>
</kw>
<kw name="Fill Text" library="Browser">
<arg>css=input[placeholder="Seu Peso"]</arg>
<arg>${weight}</arg>
<tag>PageContent</tag>
<tag>Setter</tag>
<doc>Clears and fills the given ``txt`` into the text field found by ``selector``.</doc>
<msg timestamp="20220318 14:11:01.489" level="INFO">Fills the text '' in the given field.</msg>
<status status="PASS" starttime="20220318 14:11:01.488" endtime="20220318 14:11:01.578"/>
</kw>
<kw name="Fill Text" library="Browser">
<arg>css=input[placeholder="Sua Altura"]</arg>
<arg>${feet_tall}</arg>
<tag>PageContent</tag>
<tag>Setter</tag>
<doc>Clears and fills the given ``txt`` into the text field found by ``selector``.</doc>
<msg timestamp="20220318 14:11:01.580" level="INFO">Fills the text '1.73' in the given field.</msg>
<status status="PASS" starttime="20220318 14:11:01.579" endtime="20220318 14:11:01.691"/>
</kw>
<status status="PASS" starttime="20220318 14:11:01.184" endtime="20220318 14:11:01.691"/>
</kw>
<kw name="Click" library="Browser">
<arg>xpath=//button[text()="Salvar"]</arg>
<tag>PageContent</tag>
<tag>Setter</tag>
<doc>Simulates mouse click on the element found by ``selector``.</doc>
<status status="PASS" starttime="20220318 14:11:01.694" endtime="20220318 14:11:01.909"/>
</kw>
<kw name="Span Campo Obrigatório" library="cad">
<arg>o peso é obrigatório</arg>
<kw name="Get Text" library="Browser">
<arg>css=span &gt;&gt; text=${span_obr}</arg>
<tag>Assertion</tag>
<tag>Getter</tag>
<tag>PageContent</tag>
<doc>Returns text attribute of the element found by ``selector``.</doc>
<status status="PASS" starttime="20220318 14:11:01.911" endtime="20220318 14:11:02.097"/>
</kw>
<status status="PASS" starttime="20220318 14:11:01.910" endtime="20220318 14:11:02.097"/>
</kw>
<kw name="Clear Storage" library="cad" type="TEARDOWN">
<kw name="LocalStorage Clear" library="Browser">
<tag>PageContent</tag>
<tag>Setter</tag>
<doc>Remove all saved data from the local storage.</doc>
<msg timestamp="20220318 14:11:02.122" level="INFO"/>
<status status="PASS" starttime="20220318 14:11:02.099" endtime="20220318 14:11:02.122"/>
</kw>
<kw name="Take Screenshot" library="Browser">
<tag>PageContent</tag>
<doc>Takes a screenshot of the current window or element and saves it to disk.</doc>
<msg timestamp="20220318 14:11:02.432" level="INFO" html="true">&lt;/td&gt;&lt;/tr&gt;&lt;tr&gt;&lt;td colspan="3"&gt;&lt;a href="browser/screenshot/robotframework-browser-screenshot-12.png"&gt;&lt;img src="browser/screenshot/robotframework-browser-screenshot-12.png" width="800px"&gt;&lt;/a&gt;</msg>
<status status="PASS" starttime="20220318 14:11:02.123" endtime="20220318 14:11:02.433"/>
</kw>
<status status="PASS" starttime="20220318 14:11:02.098" endtime="20220318 14:11:02.433"/>
</kw>
<status status="PASS" starttime="20220318 14:10:58.197" endtime="20220318 14:11:02.433"/>
</test>
<test id="s1-t7" name="Cenário: Tentar cadastrar novo aluno sem altura">
<kw name="Take Screenshot" library="Browser" type="SETUP">
<tag>PageContent</tag>
<doc>Takes a screenshot of the current window or element and saves it to disk.</doc>
<msg timestamp="20220318 14:11:02.905" level="INFO" html="true">&lt;/td&gt;&lt;/tr&gt;&lt;tr&gt;&lt;td colspan="3"&gt;&lt;a href="browser/screenshot/robotframework-browser-screenshot-13.png"&gt;&lt;img src="browser/screenshot/robotframework-browser-screenshot-13.png" width="800px"&gt;&lt;/a&gt;</msg>
<status status="PASS" starttime="20220318 14:11:02.506" endtime="20220318 14:11:02.905"/>
</kw>
<kw name="cad.Go To Page" library="cad">
<kw name="Go To" library="Browser">
<arg>https://bodytest-web-drakke.herokuapp.com/</arg>
<tag>BrowserControl</tag>
<tag>Setter</tag>
<doc>Navigates to the given ``url``.</doc>
<msg timestamp="20220318 14:11:03.742" level="INFO">Successfully opened URL https://bodytest-web-drakke.herokuapp.com/</msg>
<status status="PASS" starttime="20220318 14:11:02.907" endtime="20220318 14:11:03.743"/>
</kw>
<status status="PASS" starttime="20220318 14:11:02.905" endtime="20220318 14:11:03.743"/>
</kw>
<kw name="cad.Acceso" library="cad">
<arg>admin@bodytest.com</arg>
<arg>pwd123</arg>
<kw name="Fill Text" library="Browser">
<arg>css=#email</arg>
<arg>${email}</arg>
<tag>PageContent</tag>
<tag>Setter</tag>
<doc>Clears and fills the given ``txt`` into the text field found by ``selector``.</doc>
<msg timestamp="20220318 14:11:03.754" level="INFO">Fills the text 'admin@bodytest.com' in the given field.</msg>
<status status="PASS" starttime="20220318 14:11:03.753" endtime="20220318 14:11:03.916"/>
</kw>
<kw name="Fill Text" library="Browser">
<arg>css=#password</arg>
<arg>${pass}</arg>
<tag>PageContent</tag>
<tag>Setter</tag>
<doc>Clears and fills the given ``txt`` into the text field found by ``selector``.</doc>
<msg timestamp="20220318 14:11:03.917" level="INFO">Fills the text 'pwd123' in the given field.</msg>
<status status="PASS" starttime="20220318 14:11:03.917" endtime="20220318 14:11:04.020"/>
</kw>
<kw name="Click" library="Browser">
<arg>css=button &gt;&gt; text=Entrar</arg>
<tag>PageContent</tag>
<tag>Setter</tag>
<doc>Simulates mouse click on the element found by ``selector``.</doc>
<status status="PASS" starttime="20220318 14:11:04.021" endtime="20220318 14:11:04.146"/>
</kw>
<status status="PASS" starttime="20220318 14:11:03.744" endtime="20220318 14:11:04.146"/>
</kw>
<kw name="Click" library="Browser">
<arg>xpath=//a[@href="/alunos"]</arg>
<tag>PageContent</tag>
<tag>Setter</tag>
<doc>Simulates mouse click on the element found by ``selector``.</doc>
<status status="PASS" starttime="20220318 14:11:04.149" endtime="20220318 14:11:04.999"/>
</kw>
<kw name="Click" library="Browser">
<arg>xpath=//a[@href="/alunos/new"]</arg>
<tag>PageContent</tag>
<tag>Setter</tag>
<doc>Simulates mouse click on the element found by ``selector``.</doc>
<status status="PASS" starttime="20220318 14:11:05.002" endtime="20220318 14:11:05.511"/>
</kw>
<kw name="Fill Cadastro" library="cad">
<arg>Tony Stark</arg>
<arg>tonyzinho@gmail.com</arg>
<arg>56</arg>
<arg>77</arg>
<arg>${EMPTY}</arg>
<kw name="Fill Text" library="Browser">
<arg>css=input[placeholder="Digite seu nome completo"]</arg>
<arg>${name}</arg>
<tag>PageContent</tag>
<tag>Setter</tag>
<doc>Clears and fills the given ``txt`` into the text field found by ``selector``.</doc>
<msg timestamp="20220318 14:11:05.527" level="INFO">Fills the text 'Tony Stark' in the given field.</msg>
<status status="PASS" starttime="20220318 14:11:05.525" endtime="20220318 14:11:05.650"/>
</kw>
<kw name="Fill Text" library="Browser">
<arg>css=input[placeholder="Digite seu endereço de e-Mail"]</arg>
<arg>${email}</arg>
<tag>PageContent</tag>
<tag>Setter</tag>
<doc>Clears and fills the given ``txt`` into the text field found by ``selector``.</doc>
<msg timestamp="20220318 14:11:05.651" level="INFO">Fills the text 'tonyzinho@gmail.com' in the given field.</msg>
<status status="PASS" starttime="20220318 14:11:05.651" endtime="20220318 14:11:05.789"/>
</kw>
<kw name="Fill Text" library="Browser">
<arg>css=input[placeholder="Sua Idade"]</arg>
<arg>${age}</arg>
<tag>PageContent</tag>
<tag>Setter</tag>
<doc>Clears and fills the given ``txt`` into the text field found by ``selector``.</doc>
<msg timestamp="20220318 14:11:05.790" level="INFO">Fills the text '56' in the given field.</msg>
<status status="PASS" starttime="20220318 14:11:05.790" endtime="20220318 14:11:05.872"/>
</kw>
<kw name="Fill Text" library="Browser">
<arg>css=input[placeholder="Seu Peso"]</arg>
<arg>${weight}</arg>
<tag>PageContent</tag>
<tag>Setter</tag>
<doc>Clears and fills the given ``txt`` into the text field found by ``selector``.</doc>
<msg timestamp="20220318 14:11:05.874" level="INFO">Fills the text '77' in the given field.</msg>
<status status="PASS" starttime="20220318 14:11:05.873" endtime="20220318 14:11:05.988"/>
</kw>
<kw name="Fill Text" library="Browser">
<arg>css=input[placeholder="Sua Altura"]</arg>
<arg>${feet_tall}</arg>
<tag>PageContent</tag>
<tag>Setter</tag>
<doc>Clears and fills the given ``txt`` into the text field found by ``selector``.</doc>
<msg timestamp="20220318 14:11:05.989" level="INFO">Fills the text '' in the given field.</msg>
<status status="PASS" starttime="20220318 14:11:05.988" endtime="20220318 14:11:06.062"/>
</kw>
<status status="PASS" starttime="20220318 14:11:05.513" endtime="20220318 14:11:06.063"/>
</kw>
<kw name="Click" library="Browser">
<arg>xpath=//button[text()="Salvar"]</arg>
<tag>PageContent</tag>
<tag>Setter</tag>
<doc>Simulates mouse click on the element found by ``selector``.</doc>
<status status="PASS" starttime="20220318 14:11:06.063" endtime="20220318 14:11:06.242"/>
</kw>
<kw name="Span Campo Obrigatório" library="cad">
<arg>a Altura é obrigatória</arg>
<kw name="Get Text" library="Browser">
<arg>css=span &gt;&gt; text=${span_obr}</arg>
<tag>Assertion</tag>
<tag>Getter</tag>
<tag>PageContent</tag>
<doc>Returns text attribute of the element found by ``selector``.</doc>
<status status="PASS" starttime="20220318 14:11:06.244" endtime="20220318 14:11:06.453"/>
</kw>
<status status="PASS" starttime="20220318 14:11:06.243" endtime="20220318 14:11:06.454"/>
</kw>
<kw name="Clear Storage" library="cad" type="TEARDOWN">
<kw name="LocalStorage Clear" library="Browser">
<tag>PageContent</tag>
<tag>Setter</tag>
<doc>Remove all saved data from the local storage.</doc>
<msg timestamp="20220318 14:11:06.468" level="INFO"/>
<status status="PASS" starttime="20220318 14:11:06.458" endtime="20220318 14:11:06.469"/>
</kw>
<kw name="Take Screenshot" library="Browser">
<tag>PageContent</tag>
<doc>Takes a screenshot of the current window or element and saves it to disk.</doc>
<msg timestamp="20220318 14:11:06.764" level="INFO" html="true">&lt;/td&gt;&lt;/tr&gt;&lt;tr&gt;&lt;td colspan="3"&gt;&lt;a href="browser/screenshot/robotframework-browser-screenshot-14.png"&gt;&lt;img src="browser/screenshot/robotframework-browser-screenshot-14.png" width="800px"&gt;&lt;/a&gt;</msg>
<status status="PASS" starttime="20220318 14:11:06.469" endtime="20220318 14:11:06.764"/>
</kw>
<status status="PASS" starttime="20220318 14:11:06.454" endtime="20220318 14:11:06.764"/>
</kw>
<status status="PASS" starttime="20220318 14:11:02.491" endtime="20220318 14:11:06.769"/>
</test>
<test id="s1-t8" name="Cenário: Tentar cadastrar novo aluno com email inválido">
<kw name="Take Screenshot" library="Browser" type="SETUP">
<tag>PageContent</tag>
<doc>Takes a screenshot of the current window or element and saves it to disk.</doc>
<msg timestamp="20220318 14:11:07.198" level="INFO" html="true">&lt;/td&gt;&lt;/tr&gt;&lt;tr&gt;&lt;td colspan="3"&gt;&lt;a href="browser/screenshot/robotframework-browser-screenshot-15.png"&gt;&lt;img src="browser/screenshot/robotframework-browser-screenshot-15.png" width="800px"&gt;&lt;/a&gt;</msg>
<status status="PASS" starttime="20220318 14:11:06.825" endtime="20220318 14:11:07.199"/>
</kw>
<kw name="cad.Go To Page" library="cad">
<kw name="Go To" library="Browser">
<arg>https://bodytest-web-drakke.herokuapp.com/</arg>
<tag>BrowserControl</tag>
<tag>Setter</tag>
<doc>Navigates to the given ``url``.</doc>
<msg timestamp="20220318 14:11:07.972" level="INFO">Successfully opened URL https://bodytest-web-drakke.herokuapp.com/</msg>
<status status="PASS" starttime="20220318 14:11:07.200" endtime="20220318 14:11:07.972"/>
</kw>
<status status="PASS" starttime="20220318 14:11:07.199" endtime="20220318 14:11:07.972"/>
</kw>
<kw name="cad.Acceso" library="cad">
<arg>admin@bodytest.com</arg>
<arg>pwd123</arg>
<kw name="Fill Text" library="Browser">
<arg>css=#email</arg>
<arg>${email}</arg>
<tag>PageContent</tag>
<tag>Setter</tag>
<doc>Clears and fills the given ``txt`` into the text field found by ``selector``.</doc>
<msg timestamp="20220318 14:11:07.976" level="INFO">Fills the text 'admin@bodytest.com' in the given field.</msg>
<status status="PASS" starttime="20220318 14:11:07.976" endtime="20220318 14:11:08.101"/>
</kw>
<kw name="Fill Text" library="Browser">
<arg>css=#password</arg>
<arg>${pass}</arg>
<tag>PageContent</tag>
<tag>Setter</tag>
<doc>Clears and fills the given ``txt`` into the text field found by ``selector``.</doc>
<msg timestamp="20220318 14:11:08.102" level="INFO">Fills the text 'pwd123' in the given field.</msg>
<status status="PASS" starttime="20220318 14:11:08.101" endtime="20220318 14:11:08.154"/>
</kw>
<kw name="Click" library="Browser">
<arg>css=button &gt;&gt; text=Entrar</arg>
<tag>PageContent</tag>
<tag>Setter</tag>
<doc>Simulates mouse click on the element found by ``selector``.</doc>
<status status="PASS" starttime="20220318 14:11:08.154" endtime="20220318 14:11:08.290"/>
</kw>
<status status="PASS" starttime="20220318 14:11:07.974" endtime="20220318 14:11:08.291"/>
</kw>
<kw name="Click" library="Browser">
<arg>xpath=//a[@href="/alunos"]</arg>
<tag>PageContent</tag>
<tag>Setter</tag>
<doc>Simulates mouse click on the element found by ``selector``.</doc>
<status status="PASS" starttime="20220318 14:11:08.291" endtime="20220318 14:11:08.720"/>
</kw>
<kw name="Click" library="Browser">
<arg>xpath=//a[@href="/alunos/new"]</arg>
<tag>PageContent</tag>
<tag>Setter</tag>
<doc>Simulates mouse click on the element found by ``selector``.</doc>
<status status="PASS" starttime="20220318 14:11:08.720" endtime="20220318 14:11:09.099"/>
</kw>
<kw name="Fill Cadastro" library="cad">
<arg>Tony Stark</arg>
<arg>tonyzinho$gmail.com</arg>
<arg>56</arg>
<arg>77</arg>
<arg>1.73</arg>
<kw name="Fill Text" library="Browser">
<arg>css=input[placeholder="Digite seu nome completo"]</arg>
<arg>${name}</arg>
<tag>PageContent</tag>
<tag>Setter</tag>
<doc>Clears and fills the given ``txt`` into the text field found by ``selector``.</doc>
<msg timestamp="20220318 14:11:09.103" level="INFO">Fills the text 'Tony Stark' in the given field.</msg>
<status status="PASS" starttime="20220318 14:11:09.102" endtime="20220318 14:11:09.233"/>
</kw>
<kw name="Fill Text" library="Browser">
<arg>css=input[placeholder="Digite seu endereço de e-Mail"]</arg>
<arg>${email}</arg>
<tag>PageContent</tag>
<tag>Setter</tag>
<doc>Clears and fills the given ``txt`` into the text field found by ``selector``.</doc>
<msg timestamp="20220318 14:11:09.234" level="INFO">Fills the text 'tonyzinho$gmail.com' in the given field.</msg>
<status status="PASS" starttime="20220318 14:11:09.234" endtime="20220318 14:11:09.293"/>
</kw>
<kw name="Fill Text" library="Browser">
<arg>css=input[placeholder="Sua Idade"]</arg>
<arg>${age}</arg>
<tag>PageContent</tag>
<tag>Setter</tag>
<doc>Clears and fills the given ``txt`` into the text field found by ``selector``.</doc>
<msg timestamp="20220318 14:11:09.294" level="INFO">Fills the text '56' in the given field.</msg>
<status status="PASS" starttime="20220318 14:11:09.293" endtime="20220318 14:11:09.436"/>
</kw>
<kw name="Fill Text" library="Browser">
<arg>css=input[placeholder="Seu Peso"]</arg>
<arg>${weight}</arg>
<tag>PageContent</tag>
<tag>Setter</tag>
<doc>Clears and fills the given ``txt`` into the text field found by ``selector``.</doc>
<msg timestamp="20220318 14:11:09.437" level="INFO">Fills the text '77' in the given field.</msg>
<status status="PASS" starttime="20220318 14:11:09.437" endtime="20220318 14:11:09.512"/>
</kw>
<kw name="Fill Text" library="Browser">
<arg>css=input[placeholder="Sua Altura"]</arg>
<arg>${feet_tall}</arg>
<tag>PageContent</tag>
<tag>Setter</tag>
<doc>Clears and fills the given ``txt`` into the text field found by ``selector``.</doc>
<msg timestamp="20220318 14:11:09.513" level="INFO">Fills the text '1.73' in the given field.</msg>
<status status="PASS" starttime="20220318 14:11:09.512" endtime="20220318 14:11:09.592"/>
</kw>
<status status="PASS" starttime="20220318 14:11:09.100" endtime="20220318 14:11:09.592"/>
</kw>
<kw name="Click" library="Browser">
<arg>xpath=//button[text()="Salvar"]</arg>
<tag>PageContent</tag>
<tag>Setter</tag>
<doc>Simulates mouse click on the element found by ``selector``.</doc>
<status status="PASS" starttime="20220318 14:11:09.593" endtime="20220318 14:11:09.737"/>
</kw>
<kw name="Clear Storage" library="cad" type="TEARDOWN">
<kw name="LocalStorage Clear" library="Browser">
<tag>PageContent</tag>
<tag>Setter</tag>
<doc>Remove all saved data from the local storage.</doc>
<msg timestamp="20220318 14:11:09.806" level="INFO"/>
<status status="PASS" starttime="20220318 14:11:09.739" endtime="20220318 14:11:09.807"/>
</kw>
<kw name="Take Screenshot" library="Browser">
<tag>PageContent</tag>
<doc>Takes a screenshot of the current window or element and saves it to disk.</doc>
<msg timestamp="20220318 14:11:10.407" level="INFO" html="true">&lt;/td&gt;&lt;/tr&gt;&lt;tr&gt;&lt;td colspan="3"&gt;&lt;a href="browser/screenshot/robotframework-browser-screenshot-16.png"&gt;&lt;img src="browser/screenshot/robotframework-browser-screenshot-16.png" width="800px"&gt;&lt;/a&gt;</msg>
<status status="PASS" starttime="20220318 14:11:09.807" endtime="20220318 14:11:10.407"/>
</kw>
<status status="PASS" starttime="20220318 14:11:09.738" endtime="20220318 14:11:10.408"/>
</kw>
<status status="PASS" starttime="20220318 14:11:06.811" endtime="20220318 14:11:10.408"/>
</test>
<test id="s1-t9" name="Cenário: Tentar cadastrar usuário já existente">
<kw name="Take Screenshot" library="Browser" type="SETUP">
<tag>PageContent</tag>
<doc>Takes a screenshot of the current window or element and saves it to disk.</doc>
<msg timestamp="20220318 14:11:11.224" level="INFO" html="true">&lt;/td&gt;&lt;/tr&gt;&lt;tr&gt;&lt;td colspan="3"&gt;&lt;a href="browser/screenshot/robotframework-browser-screenshot-17.png"&gt;&lt;img src="browser/screenshot/robotframework-browser-screenshot-17.png" width="800px"&gt;&lt;/a&gt;</msg>
<status status="PASS" starttime="20220318 14:11:10.466" endtime="20220318 14:11:11.224"/>
</kw>
<kw name="cad.Go To Page" library="cad">
<kw name="Go To" library="Browser">
<arg>https://bodytest-web-drakke.herokuapp.com/</arg>
<tag>BrowserControl</tag>
<tag>Setter</tag>
<doc>Navigates to the given ``url``.</doc>
<msg timestamp="20220318 14:11:12.196" level="INFO">Successfully opened URL https://bodytest-web-drakke.herokuapp.com/</msg>
<status status="PASS" starttime="20220318 14:11:11.227" endtime="20220318 14:11:12.197"/>
</kw>
<status status="PASS" starttime="20220318 14:11:11.226" endtime="20220318 14:11:12.197"/>
</kw>
<kw name="cad.Acceso" library="cad">
<arg>admin@bodytest.com</arg>
<arg>pwd123</arg>
<kw name="Fill Text" library="Browser">
<arg>css=#email</arg>
<arg>${email}</arg>
<tag>PageContent</tag>
<tag>Setter</tag>
<doc>Clears and fills the given ``txt`` into the text field found by ``selector``.</doc>
<msg timestamp="20220318 14:11:12.199" level="INFO">Fills the text 'admin@bodytest.com' in the given field.</msg>
<status status="PASS" starttime="20220318 14:11:12.199" endtime="20220318 14:11:12.327"/>
</kw>
<kw name="Fill Text" library="Browser">
<arg>css=#password</arg>
<arg>${pass}</arg>
<tag>PageContent</tag>
<tag>Setter</tag>
<doc>Clears and fills the given ``txt`` into the text field found by ``selector``.</doc>
<msg timestamp="20220318 14:11:12.329" level="INFO">Fills the text 'pwd123' in the given field.</msg>
<status status="PASS" starttime="20220318 14:11:12.327" endtime="20220318 14:11:12.397"/>
</kw>
<kw name="Click" library="Browser">
<arg>css=button &gt;&gt; text=Entrar</arg>
<tag>PageContent</tag>
<tag>Setter</tag>
<doc>Simulates mouse click on the element found by ``selector``.</doc>
<status status="PASS" starttime="20220318 14:11:12.397" endtime="20220318 14:11:12.540"/>
</kw>
<status status="PASS" starttime="20220318 14:11:12.198" endtime="20220318 14:11:12.541"/>
</kw>
<kw name="Click" library="Browser">
<arg>xpath=//a[@href="/alunos"]</arg>
<tag>PageContent</tag>
<tag>Setter</tag>
<doc>Simulates mouse click on the element found by ``selector``.</doc>
<status status="PASS" starttime="20220318 14:11:12.541" endtime="20220318 14:11:13.095"/>
</kw>
<kw name="Click" library="Browser">
<arg>xpath=//a[@href="/alunos/new"]</arg>
<tag>PageContent</tag>
<tag>Setter</tag>
<doc>Simulates mouse click on the element found by ``selector``.</doc>
<status status="PASS" starttime="20220318 14:11:13.098" endtime="20220318 14:11:13.499"/>
</kw>
<kw name="Fill Cadastro" library="cad">
<arg>Tony Stark</arg>
<arg>tonyzinho@gmail.com</arg>
<arg>56</arg>
<arg>77</arg>
<arg>1.73</arg>
<kw name="Fill Text" library="Browser">
<arg>css=input[placeholder="Digite seu nome completo"]</arg>
<arg>${name}</arg>
<tag>PageContent</tag>
<tag>Setter</tag>
<doc>Clears and fills the given ``txt`` into the text field found by ``selector``.</doc>
<msg timestamp="20220318 14:11:13.502" level="INFO">Fills the text 'Tony Stark' in the given field.</msg>
<status status="PASS" starttime="20220318 14:11:13.501" endtime="20220318 14:11:13.623"/>
</kw>
<kw name="Fill Text" library="Browser">
<arg>css=input[placeholder="Digite seu endereço de e-Mail"]</arg>
<arg>${email}</arg>
<tag>PageContent</tag>
<tag>Setter</tag>
<doc>Clears and fills the given ``txt`` into the text field found by ``selector``.</doc>
<msg timestamp="20220318 14:11:13.625" level="INFO">Fills the text 'tonyzinho@gmail.com' in the given field.</msg>
<status status="PASS" starttime="20220318 14:11:13.624" endtime="20220318 14:11:13.708"/>
</kw>
<kw name="Fill Text" library="Browser">
<arg>css=input[placeholder="Sua Idade"]</arg>
<arg>${age}</arg>
<tag>PageContent</tag>
<tag>Setter</tag>
<doc>Clears and fills the given ``txt`` into the text field found by ``selector``.</doc>
<msg timestamp="20220318 14:11:13.710" level="INFO">Fills the text '56' in the given field.</msg>
<status status="PASS" starttime="20220318 14:11:13.709" endtime="20220318 14:11:13.797"/>
</kw>
<kw name="Fill Text" library="Browser">
<arg>css=input[placeholder="Seu Peso"]</arg>
<arg>${weight}</arg>
<tag>PageContent</tag>
<tag>Setter</tag>
<doc>Clears and fills the given ``txt`` into the text field found by ``selector``.</doc>
<msg timestamp="20220318 14:11:13.798" level="INFO">Fills the text '77' in the given field.</msg>
<status status="PASS" starttime="20220318 14:11:13.797" endtime="20220318 14:11:13.902"/>
</kw>
<kw name="Fill Text" library="Browser">
<arg>css=input[placeholder="Sua Altura"]</arg>
<arg>${feet_tall}</arg>
<tag>PageContent</tag>
<tag>Setter</tag>
<doc>Clears and fills the given ``txt`` into the text field found by ``selector``.</doc>
<msg timestamp="20220318 14:11:13.903" level="INFO">Fills the text '1.73' in the given field.</msg>
<status status="PASS" starttime="20220318 14:11:13.902" endtime="20220318 14:11:14.030"/>
</kw>
<status status="PASS" starttime="20220318 14:11:13.499" endtime="20220318 14:11:14.031"/>
</kw>
<kw name="Click" library="Browser">
<arg>xpath=//button[text()="Salvar"]</arg>
<tag>PageContent</tag>
<tag>Setter</tag>
<doc>Simulates mouse click on the element found by ``selector``.</doc>
<status status="PASS" starttime="20220318 14:11:14.031" endtime="20220318 14:11:14.180"/>
</kw>
<kw name="cad.Wait For Toast" library="cad">
<arg>Email já existe no sistema.</arg>
<kw name="Wait For Elements State" library="Browser">
<arg>css=.Toastify__toast-body &gt;&gt; text=${txt_esperado}</arg>
<arg>visible</arg>
<arg>10</arg>
<tag>PageContent</tag>
<tag>Wait</tag>
<doc>Waits for the element found by ``selector`` to satisfy state option.</doc>
<msg timestamp="20220318 14:11:14.588" level="INFO">Waited for Element with selector css=.Toastify__toast-body &gt;&gt; text=Email já existe no sistema. at state visible</msg>
<status status="PASS" starttime="20220318 14:11:14.182" endtime="20220318 14:11:14.588"/>
</kw>
<status status="PASS" starttime="20220318 14:11:14.181" endtime="20220318 14:11:14.588"/>
</kw>
<kw name="Clear Storage" library="cad" type="TEARDOWN">
<kw name="LocalStorage Clear" library="Browser">
<tag>PageContent</tag>
<tag>Setter</tag>
<doc>Remove all saved data from the local storage.</doc>
<msg timestamp="20220318 14:11:14.609" level="INFO"/>
<status status="PASS" starttime="20220318 14:11:14.590" endtime="20220318 14:11:14.609"/>
</kw>
<kw name="Take Screenshot" library="Browser">
<tag>PageContent</tag>
<doc>Takes a screenshot of the current window or element and saves it to disk.</doc>
<msg timestamp="20220318 14:11:14.937" level="INFO" html="true">&lt;/td&gt;&lt;/tr&gt;&lt;tr&gt;&lt;td colspan="3"&gt;&lt;a href="browser/screenshot/robotframework-browser-screenshot-18.png"&gt;&lt;img src="browser/screenshot/robotframework-browser-screenshot-18.png" width="800px"&gt;&lt;/a&gt;</msg>
<status status="PASS" starttime="20220318 14:11:14.610" endtime="20220318 14:11:14.937"/>
</kw>
<status status="PASS" starttime="20220318 14:11:14.589" endtime="20220318 14:11:14.938"/>
</kw>
<status status="PASS" starttime="20220318 14:11:10.438" endtime="20220318 14:11:14.938"/>
</test>
<status status="PASS" starttime="20220318 14:10:30.893" endtime="20220318 14:11:15.001"/>
</suite>
<statistics>
<total>
<stat pass="9" fail="0" skip="0">All Tests</stat>
</total>
<tag>
</tag>
<suite>
<stat pass="9" fail="0" skip="0" id="s1" name="Cadastro">Cadastro</stat>
</suite>
</statistics>
<errors>
</errors>
</robot>
